{"E:\\sync\\courses\\CS3604\\12306\\backend\\src\\app.js": {"path":"E:\\sync\\courses\\CS3604\\12306\\backend\\src\\app.js","statementMap":{"0":{"start":{"line":1,"column":16},"end":{"line":1,"column":34}},"1":{"start":{"line":2,"column":13},"end":{"line":2,"column":28}},"2":{"start":{"line":3,"column":15},"end":{"line":3,"column":32}},"3":{"start":{"line":4,"column":15},"end":{"line":4,"column":32}},"4":{"start":{"line":5,"column":18},"end":{"line":5,"column":47}},"5":{"start":{"line":6,"column":0},"end":{"line":6,"column":27}},"6":{"start":{"line":7,"column":21},"end":{"line":7,"column":50}},"7":{"start":{"line":10,"column":41},"end":{"line":10,"column":60}},"8":{"start":{"line":11,"column":19},"end":{"line":11,"column":43}},"9":{"start":{"line":12,"column":20},"end":{"line":12,"column":45}},"10":{"start":{"line":13,"column":20},"end":{"line":13,"column":45}},"11":{"start":{"line":14,"column":24},"end":{"line":14,"column":53}},"12":{"start":{"line":16,"column":12},"end":{"line":16,"column":21}},"13":{"start":{"line":17,"column":13},"end":{"line":17,"column":37}},"14":{"start":{"line":20,"column":0},"end":{"line":20,"column":18}},"15":{"start":{"line":21,"column":0},"end":{"line":24,"column":4}},"16":{"start":{"line":25,"column":0},"end":{"line":25,"column":28}},"17":{"start":{"line":26,"column":0},"end":{"line":26,"column":41}},"18":{"start":{"line":27,"column":0},"end":{"line":27,"column":63}},"19":{"start":{"line":29,"column":16},"end":{"line":34,"column":2}},"20":{"start":{"line":35,"column":0},"end":{"line":35,"column":17}},"21":{"start":{"line":38,"column":18},"end":{"line":38,"column":53}},"22":{"start":{"line":39,"column":0},"end":{"line":39,"column":41}},"23":{"start":{"line":40,"column":0},"end":{"line":40,"column":44}},"24":{"start":{"line":41,"column":0},"end":{"line":41,"column":44}},"25":{"start":{"line":42,"column":0},"end":{"line":42,"column":52}},"26":{"start":{"line":45,"column":0},"end":{"line":52,"column":3}},"27":{"start":{"line":46,"column":2},"end":{"line":51,"column":5}},"28":{"start":{"line":55,"column":0},"end":{"line":60,"column":3}},"29":{"start":{"line":56,"column":2},"end":{"line":59,"column":5}},"30":{"start":{"line":63,"column":0},"end":{"line":68,"column":3}},"31":{"start":{"line":64,"column":2},"end":{"line":67,"column":5}},"32":{"start":{"line":71,"column":0},"end":{"line":77,"column":3}},"33":{"start":{"line":72,"column":2},"end":{"line":72,"column":27}},"34":{"start":{"line":73,"column":2},"end":{"line":76,"column":5}},"35":{"start":{"line":79,"column":0},"end":{"line":79,"column":21}}},"fnMap":{"0":{"name":"(anonymous_0)","decl":{"start":{"line":45,"column":13},"end":{"line":45,"column":14}},"loc":{"start":{"line":45,"column":27},"end":{"line":52,"column":1}},"line":45},"1":{"name":"(anonymous_1)","decl":{"start":{"line":55,"column":19},"end":{"line":55,"column":20}},"loc":{"start":{"line":55,"column":33},"end":{"line":60,"column":1}},"line":55},"2":{"name":"(anonymous_2)","decl":{"start":{"line":63,"column":8},"end":{"line":63,"column":9}},"loc":{"start":{"line":63,"column":22},"end":{"line":68,"column":1}},"line":63},"3":{"name":"(anonymous_3)","decl":{"start":{"line":71,"column":8},"end":{"line":71,"column":9}},"loc":{"start":{"line":71,"column":33},"end":{"line":77,"column":1}},"line":71}},"branchMap":{"0":{"loc":{"start":{"line":17,"column":13},"end":{"line":17,"column":37}},"type":"binary-expr","locations":[{"start":{"line":17,"column":13},"end":{"line":17,"column":29}},{"start":{"line":17,"column":33},"end":{"line":17,"column":37}}],"line":17},"1":{"loc":{"start":{"line":22,"column":10},"end":{"line":22,"column":60}},"type":"binary-expr","locations":[{"start":{"line":22,"column":10},"end":{"line":22,"column":33}},{"start":{"line":22,"column":37},"end":{"line":22,"column":60}}],"line":22},"2":{"loc":{"start":{"line":30,"column":21},"end":{"line":30,"column":59}},"type":"binary-expr","locations":[{"start":{"line":30,"column":21},"end":{"line":30,"column":47}},{"start":{"line":30,"column":51},"end":{"line":30,"column":59}}],"line":30},"3":{"loc":{"start":{"line":31,"column":16},"end":{"line":31,"column":45}},"type":"binary-expr","locations":[{"start":{"line":31,"column":16},"end":{"line":31,"column":36}},{"start":{"line":31,"column":40},"end":{"line":31,"column":45}}],"line":31},"4":{"loc":{"start":{"line":38,"column":18},"end":{"line":38,"column":53}},"type":"binary-expr","locations":[{"start":{"line":38,"column":18},"end":{"line":38,"column":40}},{"start":{"line":38,"column":44},"end":{"line":38,"column":53}}],"line":38},"5":{"loc":{"start":{"line":75,"column":13},"end":{"line":75,"column":90}},"type":"cond-expr","locations":[{"start":{"line":75,"column":54},"end":{"line":75,"column":65}},{"start":{"line":75,"column":68},"end":{"line":75,"column":90}}],"line":75}},"s":{"0":7,"1":7,"2":7,"3":7,"4":7,"5":7,"6":7,"7":7,"8":7,"9":7,"10":7,"11":7,"12":7,"13":7,"14":7,"15":7,"16":7,"17":7,"18":7,"19":7,"20":7,"21":7,"22":7,"23":7,"24":7,"25":7,"26":7,"27":0,"28":7,"29":0,"30":7,"31":0,"32":7,"33":0,"34":0,"35":7},"f":{"0":0,"1":0,"2":0,"3":0},"b":{"0":[7,0],"1":[7,0],"2":[7,7],"3":[7,7],"4":[7,0],"5":[0,0]},"_coverageSchema":"1a1c01bbd47fc00a2c39e90264f33305004495a9","hash":"489889fec8d2102e0367f4f887603905b2198d28"}
,"E:\\sync\\courses\\CS3604\\12306\\backend\\src\\config\\database.js": {"path":"E:\\sync\\courses\\CS3604\\12306\\backend\\src\\config\\database.js","statementMap":{"0":{"start":{"line":1,"column":22},"end":{"line":1,"column":42}},"1":{"start":{"line":2,"column":0},"end":{"line":2,"column":27}},"2":{"start":{"line":4,"column":16},"end":{"line":4,"column":50}},"3":{"start":{"line":6,"column":0},"end":{"line":28,"column":1}},"4":{"start":{"line":7,"column":2},"end":{"line":19,"column":4}},"5":{"start":{"line":21,"column":2},"end":{"line":27,"column":5}},"6":{"start":{"line":31,"column":23},"end":{"line":38,"column":1}},"7":{"start":{"line":32,"column":2},"end":{"line":37,"column":3}},"8":{"start":{"line":33,"column":4},"end":{"line":33,"column":35}},"9":{"start":{"line":34,"column":4},"end":{"line":34,"column":29}},"10":{"start":{"line":36,"column":4},"end":{"line":36,"column":47}},"11":{"start":{"line":40,"column":0},"end":{"line":43,"column":2}}},"fnMap":{"0":{"name":"(anonymous_0)","decl":{"start":{"line":31,"column":23},"end":{"line":31,"column":24}},"loc":{"start":{"line":31,"column":35},"end":{"line":38,"column":1}},"line":31}},"branchMap":{"0":{"loc":{"start":{"line":4,"column":16},"end":{"line":4,"column":50}},"type":"binary-expr","locations":[{"start":{"line":4,"column":16},"end":{"line":4,"column":38}},{"start":{"line":4,"column":42},"end":{"line":4,"column":50}}],"line":4},"1":{"loc":{"start":{"line":6,"column":0},"end":{"line":28,"column":1}},"type":"if","locations":[{"start":{"line":6,"column":0},"end":{"line":28,"column":1}},{"start":{"line":20,"column":7},"end":{"line":28,"column":1}}],"line":6},"2":{"loc":{"start":{"line":8,"column":4},"end":{"line":8,"column":39}},"type":"binary-expr","locations":[{"start":{"line":8,"column":4},"end":{"line":8,"column":23}},{"start":{"line":8,"column":27},"end":{"line":8,"column":39}}],"line":8},"3":{"loc":{"start":{"line":9,"column":4},"end":{"line":9,"column":33}},"type":"binary-expr","locations":[{"start":{"line":9,"column":4},"end":{"line":9,"column":23}},{"start":{"line":9,"column":27},"end":{"line":9,"column":33}}],"line":9},"4":{"loc":{"start":{"line":10,"column":4},"end":{"line":10,"column":29}},"type":"binary-expr","locations":[{"start":{"line":10,"column":4},"end":{"line":10,"column":23}},{"start":{"line":10,"column":27},"end":{"line":10,"column":29}}],"line":10},"5":{"loc":{"start":{"line":12,"column":12},"end":{"line":12,"column":46}},"type":"binary-expr","locations":[{"start":{"line":12,"column":12},"end":{"line":12,"column":31}},{"start":{"line":12,"column":35},"end":{"line":12,"column":46}}],"line":12},"6":{"loc":{"start":{"line":13,"column":21},"end":{"line":13,"column":50}},"type":"binary-expr","locations":[{"start":{"line":13,"column":21},"end":{"line":13,"column":40}},{"start":{"line":13,"column":44},"end":{"line":13,"column":50}}],"line":13},"7":{"loc":{"start":{"line":15,"column":15},"end":{"line":15,"column":75}},"type":"cond-expr","locations":[{"start":{"line":15,"column":56},"end":{"line":15,"column":67}},{"start":{"line":15,"column":70},"end":{"line":15,"column":75}}],"line":15},"8":{"loc":{"start":{"line":23,"column":13},"end":{"line":23,"column":59}},"type":"binary-expr","locations":[{"start":{"line":23,"column":13},"end":{"line":23,"column":36}},{"start":{"line":23,"column":40},"end":{"line":23,"column":59}}],"line":23},"9":{"loc":{"start":{"line":24,"column":13},"end":{"line":24,"column":73}},"type":"cond-expr","locations":[{"start":{"line":24,"column":54},"end":{"line":24,"column":65}},{"start":{"line":24,"column":68},"end":{"line":24,"column":73}}],"line":24}},"s":{"0":7,"1":7,"2":7,"3":7,"4":0,"5":7,"6":7,"7":0,"8":0,"9":0,"10":0,"11":7},"f":{"0":0},"b":{"0":[7,7],"1":[0,7],"2":[0,0],"3":[0,0],"4":[0,0],"5":[0,0],"6":[0,0],"7":[0,0],"8":[7,7],"9":[0,7]},"_coverageSchema":"1a1c01bbd47fc00a2c39e90264f33305004495a9","hash":"b57cb194acf66a906ebb87f54d1463561c5a34d0"}
,"E:\\sync\\courses\\CS3604\\12306\\backend\\src\\controllers\\authController.js": {"path":"E:\\sync\\courses\\CS3604\\12306\\backend\\src\\controllers\\authController.js","statementMap":{"0":{"start":{"line":1,"column":13},"end":{"line":1,"column":38}},"1":{"start":{"line":2,"column":105},"end":{"line":2,"column":135}},"2":{"start":{"line":3,"column":57},"end":{"line":3,"column":81}},"3":{"start":{"line":5,"column":26},"end":{"line":5,"column":35}},"4":{"start":{"line":6,"column":29},"end":{"line":6,"column":38}},"5":{"start":{"line":7,"column":35},"end":{"line":7,"column":67}},"6":{"start":{"line":10,"column":17},"end":{"line":189,"column":1}},"7":{"start":{"line":11,"column":2},"end":{"line":188,"column":3}},"8":{"start":{"line":23,"column":8},"end":{"line":23,"column":16}},"9":{"start":{"line":26,"column":23},"end":{"line":35,"column":6}},"10":{"start":{"line":37,"column":4},"end":{"line":43,"column":5}},"11":{"start":{"line":38,"column":6},"end":{"line":42,"column":9}},"12":{"start":{"line":46,"column":25},"end":{"line":48,"column":6}},"13":{"start":{"line":50,"column":4},"end":{"line":56,"column":5}},"14":{"start":{"line":51,"column":6},"end":{"line":55,"column":9}},"15":{"start":{"line":59,"column":29},"end":{"line":61,"column":6}},"16":{"start":{"line":63,"column":4},"end":{"line":69,"column":5}},"17":{"start":{"line":64,"column":6},"end":{"line":68,"column":9}},"18":{"start":{"line":72,"column":26},"end":{"line":74,"column":6}},"19":{"start":{"line":76,"column":4},"end":{"line":82,"column":5}},"20":{"start":{"line":77,"column":6},"end":{"line":81,"column":9}},"21":{"start":{"line":85,"column":4},"end":{"line":96,"column":5}},"22":{"start":{"line":86,"column":6},"end":{"line":95,"column":7}},"23":{"start":{"line":87,"column":20},"end":{"line":87,"column":60}},"24":{"start":{"line":88,"column":18},"end":{"line":88,"column":47}},"25":{"start":{"line":89,"column":8},"end":{"line":91,"column":9}},"26":{"start":{"line":90,"column":10},"end":{"line":90,"column":82}},"27":{"start":{"line":92,"column":8},"end":{"line":92,"column":41}},"28":{"start":{"line":94,"column":8},"end":{"line":94,"column":80}},"29":{"start":{"line":99,"column":27},"end":{"line":99,"column":55}},"30":{"start":{"line":102,"column":20},"end":{"line":112,"column":6}},"31":{"start":{"line":115,"column":4},"end":{"line":119,"column":5}},"32":{"start":{"line":116,"column":6},"end":{"line":116,"column":56}},"33":{"start":{"line":118,"column":6},"end":{"line":118,"column":61}},"34":{"start":{"line":122,"column":18},"end":{"line":126,"column":6}},"35":{"start":{"line":129,"column":25},"end":{"line":141,"column":5}},"36":{"start":{"line":143,"column":4},"end":{"line":150,"column":7}},"37":{"start":{"line":153,"column":4},"end":{"line":153,"column":34}},"38":{"start":{"line":155,"column":4},"end":{"line":167,"column":5}},"39":{"start":{"line":156,"column":20},"end":{"line":156,"column":57}},"40":{"start":{"line":157,"column":22},"end":{"line":161,"column":7}},"41":{"start":{"line":162,"column":6},"end":{"line":166,"column":9}},"42":{"start":{"line":168,"column":4},"end":{"line":182,"column":5}},"43":{"start":{"line":169,"column":20},"end":{"line":169,"column":38}},"44":{"start":{"line":170,"column":20},"end":{"line":170,"column":54}},"45":{"start":{"line":171,"column":20},"end":{"line":171,"column":31}},"46":{"start":{"line":172,"column":18},"end":{"line":172,"column":37}},"47":{"start":{"line":173,"column":6},"end":{"line":173,"column":77}},"48":{"start":{"line":173,"column":49},"end":{"line":173,"column":77}},"49":{"start":{"line":174,"column":6},"end":{"line":174,"column":85}},"50":{"start":{"line":174,"column":48},"end":{"line":174,"column":85}},"51":{"start":{"line":175,"column":6},"end":{"line":175,"column":80}},"52":{"start":{"line":175,"column":50},"end":{"line":175,"column":80}},"53":{"start":{"line":176,"column":6},"end":{"line":176,"column":75}},"54":{"start":{"line":176,"column":52},"end":{"line":176,"column":75}},"55":{"start":{"line":177,"column":6},"end":{"line":181,"column":9}},"56":{"start":{"line":183,"column":4},"end":{"line":187,"column":7}},"57":{"start":{"line":192,"column":14},"end":{"line":278,"column":1}},"58":{"start":{"line":193,"column":2},"end":{"line":277,"column":3}},"59":{"start":{"line":194,"column":35},"end":{"line":194,"column":43}},"60":{"start":{"line":197,"column":4},"end":{"line":202,"column":5}},"61":{"start":{"line":198,"column":6},"end":{"line":201,"column":9}},"62":{"start":{"line":205,"column":17},"end":{"line":207,"column":6}},"63":{"start":{"line":209,"column":4},"end":{"line":214,"column":5}},"64":{"start":{"line":210,"column":6},"end":{"line":213,"column":9}},"65":{"start":{"line":217,"column":28},"end":{"line":217,"column":74}},"66":{"start":{"line":219,"column":4},"end":{"line":224,"column":5}},"67":{"start":{"line":220,"column":6},"end":{"line":223,"column":9}},"68":{"start":{"line":227,"column":4},"end":{"line":232,"column":5}},"69":{"start":{"line":228,"column":6},"end":{"line":231,"column":9}},"70":{"start":{"line":235,"column":4},"end":{"line":237,"column":7}},"71":{"start":{"line":240,"column":18},"end":{"line":244,"column":6}},"72":{"start":{"line":247,"column":25},"end":{"line":259,"column":5}},"73":{"start":{"line":261,"column":4},"end":{"line":268,"column":7}},"74":{"start":{"line":271,"column":4},"end":{"line":271,"column":34}},"75":{"start":{"line":272,"column":4},"end":{"line":276,"column":7}},"76":{"start":{"line":281,"column":23},"end":{"line":322,"column":1}},"77":{"start":{"line":282,"column":2},"end":{"line":321,"column":3}},"78":{"start":{"line":283,"column":17},"end":{"line":285,"column":6}},"79":{"start":{"line":287,"column":4},"end":{"line":292,"column":5}},"80":{"start":{"line":288,"column":6},"end":{"line":291,"column":9}},"81":{"start":{"line":294,"column":25},"end":{"line":307,"column":5}},"82":{"start":{"line":309,"column":4},"end":{"line":312,"column":7}},"83":{"start":{"line":315,"column":4},"end":{"line":315,"column":38}},"84":{"start":{"line":316,"column":4},"end":{"line":320,"column":7}},"85":{"start":{"line":324,"column":0},"end":{"line":419,"column":2}},"86":{"start":{"line":330,"column":4},"end":{"line":370,"column":5}},"87":{"start":{"line":331,"column":50},"end":{"line":331,"column":58}},"88":{"start":{"line":333,"column":6},"end":{"line":338,"column":7}},"89":{"start":{"line":334,"column":32},"end":{"line":334,"column":52}},"90":{"start":{"line":335,"column":8},"end":{"line":337,"column":9}},"91":{"start":{"line":336,"column":10},"end":{"line":336,"column":92}},"92":{"start":{"line":340,"column":6},"end":{"line":352,"column":7}},"93":{"start":{"line":341,"column":32},"end":{"line":341,"column":64}},"94":{"start":{"line":342,"column":8},"end":{"line":344,"column":9}},"95":{"start":{"line":343,"column":10},"end":{"line":343,"column":92}},"96":{"start":{"line":346,"column":30},"end":{"line":348,"column":10}},"97":{"start":{"line":349,"column":8},"end":{"line":351,"column":9}},"98":{"start":{"line":350,"column":10},"end":{"line":350,"column":83}},"99":{"start":{"line":354,"column":19},"end":{"line":354,"column":51}},"100":{"start":{"line":355,"column":6},"end":{"line":357,"column":7}},"101":{"start":{"line":356,"column":8},"end":{"line":356,"column":74}},"102":{"start":{"line":359,"column":28},"end":{"line":359,"column":30}},"103":{"start":{"line":360,"column":6},"end":{"line":360,"column":71}},"104":{"start":{"line":360,"column":31},"end":{"line":360,"column":71}},"105":{"start":{"line":361,"column":6},"end":{"line":361,"column":97}},"106":{"start":{"line":361,"column":37},"end":{"line":361,"column":97}},"107":{"start":{"line":362,"column":6},"end":{"line":362,"column":97}},"108":{"start":{"line":362,"column":37},"end":{"line":362,"column":97}},"109":{"start":{"line":364,"column":6},"end":{"line":364,"column":39}},"110":{"start":{"line":366,"column":6},"end":{"line":366,"column":144}},"111":{"start":{"line":368,"column":6},"end":{"line":368,"column":40}},"112":{"start":{"line":369,"column":6},"end":{"line":369,"column":67}},"113":{"start":{"line":373,"column":4},"end":{"line":389,"column":5}},"114":{"start":{"line":374,"column":43},"end":{"line":374,"column":57}},"115":{"start":{"line":375,"column":6},"end":{"line":377,"column":7}},"116":{"start":{"line":376,"column":8},"end":{"line":376,"column":74}},"117":{"start":{"line":378,"column":18},"end":{"line":378,"column":58}},"118":{"start":{"line":379,"column":19},"end":{"line":379,"column":73}},"119":{"start":{"line":380,"column":24},"end":{"line":380,"column":43}},"120":{"start":{"line":381,"column":6},"end":{"line":381,"column":54}},"121":{"start":{"line":382,"column":22},"end":{"line":382,"column":64}},"122":{"start":{"line":383,"column":6},"end":{"line":385,"column":7}},"123":{"start":{"line":384,"column":8},"end":{"line":384,"column":133}},"124":{"start":{"line":386,"column":6},"end":{"line":386,"column":43}},"125":{"start":{"line":388,"column":6},"end":{"line":388,"column":74}},"126":{"start":{"line":392,"column":4},"end":{"line":417,"column":5}},"127":{"start":{"line":393,"column":49},"end":{"line":393,"column":63}},"128":{"start":{"line":394,"column":6},"end":{"line":396,"column":7}},"129":{"start":{"line":395,"column":8},"end":{"line":395,"column":73}},"130":{"start":{"line":397,"column":18},"end":{"line":397,"column":58}},"131":{"start":{"line":398,"column":19},"end":{"line":398,"column":45}},"132":{"start":{"line":399,"column":6},"end":{"line":401,"column":7}},"133":{"start":{"line":400,"column":8},"end":{"line":400,"column":155}},"134":{"start":{"line":402,"column":6},"end":{"line":404,"column":7}},"135":{"start":{"line":403,"column":8},"end":{"line":403,"column":79}},"136":{"start":{"line":405,"column":6},"end":{"line":408,"column":7}},"137":{"start":{"line":406,"column":8},"end":{"line":406,"column":38}},"138":{"start":{"line":407,"column":8},"end":{"line":407,"column":75}},"139":{"start":{"line":409,"column":6},"end":{"line":411,"column":7}},"140":{"start":{"line":410,"column":8},"end":{"line":410,"column":74}},"141":{"start":{"line":412,"column":6},"end":{"line":412,"column":36}},"142":{"start":{"line":413,"column":6},"end":{"line":413,"column":64}},"143":{"start":{"line":414,"column":6},"end":{"line":414,"column":70}},"144":{"start":{"line":416,"column":6},"end":{"line":416,"column":74}}},"fnMap":{"0":{"name":"(anonymous_0)","decl":{"start":{"line":10,"column":17},"end":{"line":10,"column":18}},"loc":{"start":{"line":10,"column":37},"end":{"line":189,"column":1}},"line":10},"1":{"name":"(anonymous_1)","decl":{"start":{"line":192,"column":14},"end":{"line":192,"column":15}},"loc":{"start":{"line":192,"column":34},"end":{"line":278,"column":1}},"line":192},"2":{"name":"(anonymous_2)","decl":{"start":{"line":281,"column":23},"end":{"line":281,"column":24}},"loc":{"start":{"line":281,"column":43},"end":{"line":322,"column":1}},"line":281},"3":{"name":"(anonymous_3)","decl":{"start":{"line":329,"column":17},"end":{"line":329,"column":18}},"loc":{"start":{"line":329,"column":37},"end":{"line":371,"column":3}},"line":329},"4":{"name":"(anonymous_4)","decl":{"start":{"line":372,"column":24},"end":{"line":372,"column":25}},"loc":{"start":{"line":372,"column":44},"end":{"line":390,"column":3}},"line":372},"5":{"name":"(anonymous_5)","decl":{"start":{"line":391,"column":26},"end":{"line":391,"column":27}},"loc":{"start":{"line":391,"column":46},"end":{"line":418,"column":3}},"line":391}},"branchMap":{"0":{"loc":{"start":{"line":37,"column":4},"end":{"line":43,"column":5}},"type":"if","locations":[{"start":{"line":37,"column":4},"end":{"line":43,"column":5}},{"start":{},"end":{}}],"line":37},"1":{"loc":{"start":{"line":50,"column":4},"end":{"line":56,"column":5}},"type":"if","locations":[{"start":{"line":50,"column":4},"end":{"line":56,"column":5}},{"start":{},"end":{}}],"line":50},"2":{"loc":{"start":{"line":63,"column":4},"end":{"line":69,"column":5}},"type":"if","locations":[{"start":{"line":63,"column":4},"end":{"line":69,"column":5}},{"start":{},"end":{}}],"line":63},"3":{"loc":{"start":{"line":76,"column":4},"end":{"line":82,"column":5}},"type":"if","locations":[{"start":{"line":76,"column":4},"end":{"line":82,"column":5}},{"start":{},"end":{}}],"line":76},"4":{"loc":{"start":{"line":85,"column":4},"end":{"line":96,"column":5}},"type":"if","locations":[{"start":{"line":85,"column":4},"end":{"line":96,"column":5}},{"start":{},"end":{}}],"line":85},"5":{"loc":{"start":{"line":87,"column":23},"end":{"line":87,"column":43}},"type":"binary-expr","locations":[{"start":{"line":87,"column":23},"end":{"line":87,"column":34}},{"start":{"line":87,"column":38},"end":{"line":87,"column":43}}],"line":87},"6":{"loc":{"start":{"line":89,"column":8},"end":{"line":91,"column":9}},"type":"if","locations":[{"start":{"line":89,"column":8},"end":{"line":91,"column":9}},{"start":{},"end":{}}],"line":89},"7":{"loc":{"start":{"line":89,"column":12},"end":{"line":89,"column":62}},"type":"binary-expr","locations":[{"start":{"line":89,"column":12},"end":{"line":89,"column":14}},{"start":{"line":89,"column":18},"end":{"line":89,"column":62}}],"line":89},"8":{"loc":{"start":{"line":106,"column":15},"end":{"line":106,"column":28}},"type":"binary-expr","locations":[{"start":{"line":106,"column":15},"end":{"line":106,"column":21}},{"start":{"line":106,"column":25},"end":{"line":106,"column":28}}],"line":106},"9":{"loc":{"start":{"line":108,"column":13},"end":{"line":108,"column":26}},"type":"binary-expr","locations":[{"start":{"line":108,"column":13},"end":{"line":108,"column":18}},{"start":{"line":108,"column":22},"end":{"line":108,"column":26}}],"line":108},"10":{"loc":{"start":{"line":110,"column":20},"end":{"line":110,"column":40}},"type":"binary-expr","locations":[{"start":{"line":110,"column":20},"end":{"line":110,"column":31}},{"start":{"line":110,"column":35},"end":{"line":110,"column":40}}],"line":110},"11":{"loc":{"start":{"line":111,"column":22},"end":{"line":111,"column":42}},"type":"binary-expr","locations":[{"start":{"line":111,"column":22},"end":{"line":111,"column":35}},{"start":{"line":111,"column":39},"end":{"line":111,"column":42}}],"line":111},"12":{"loc":{"start":{"line":118,"column":44},"end":{"line":118,"column":59}},"type":"binary-expr","locations":[{"start":{"line":118,"column":44},"end":{"line":118,"column":54}},{"start":{"line":118,"column":58},"end":{"line":118,"column":59}}],"line":118},"13":{"loc":{"start":{"line":155,"column":4},"end":{"line":167,"column":5}},"type":"if","locations":[{"start":{"line":155,"column":4},"end":{"line":167,"column":5}},{"start":{},"end":{}}],"line":155},"14":{"loc":{"start":{"line":156,"column":20},"end":{"line":156,"column":57}},"type":"binary-expr","locations":[{"start":{"line":156,"column":20},"end":{"line":156,"column":44}},{"start":{"line":156,"column":48},"end":{"line":156,"column":57}}],"line":156},"15":{"loc":{"start":{"line":164,"column":17},"end":{"line":164,"column":51}},"type":"binary-expr","locations":[{"start":{"line":164,"column":17},"end":{"line":164,"column":31}},{"start":{"line":164,"column":35},"end":{"line":164,"column":51}}],"line":164},"16":{"loc":{"start":{"line":165,"column":16},"end":{"line":165,"column":74}},"type":"cond-expr","locations":[{"start":{"line":165,"column":35},"end":{"line":165,"column":62}},{"start":{"line":165,"column":65},"end":{"line":165,"column":74}}],"line":165},"17":{"loc":{"start":{"line":168,"column":4},"end":{"line":182,"column":5}},"type":"if","locations":[{"start":{"line":168,"column":4},"end":{"line":182,"column":5}},{"start":{},"end":{}}],"line":168},"18":{"loc":{"start":{"line":170,"column":20},"end":{"line":170,"column":54}},"type":"binary-expr","locations":[{"start":{"line":170,"column":20},"end":{"line":170,"column":34}},{"start":{"line":170,"column":38},"end":{"line":170,"column":54}}],"line":170},"19":{"loc":{"start":{"line":173,"column":6},"end":{"line":173,"column":77}},"type":"if","locations":[{"start":{"line":173,"column":6},"end":{"line":173,"column":77}},{"start":{},"end":{}}],"line":173},"20":{"loc":{"start":{"line":173,"column":10},"end":{"line":173,"column":47}},"type":"binary-expr","locations":[{"start":{"line":173,"column":10},"end":{"line":173,"column":30}},{"start":{"line":173,"column":34},"end":{"line":173,"column":47}}],"line":173},"21":{"loc":{"start":{"line":174,"column":6},"end":{"line":174,"column":85}},"type":"if","locations":[{"start":{"line":174,"column":6},"end":{"line":174,"column":85}},{"start":{},"end":{}}],"line":174},"22":{"loc":{"start":{"line":174,"column":10},"end":{"line":174,"column":46}},"type":"binary-expr","locations":[{"start":{"line":174,"column":10},"end":{"line":174,"column":30}},{"start":{"line":174,"column":34},"end":{"line":174,"column":46}}],"line":174},"23":{"loc":{"start":{"line":175,"column":6},"end":{"line":175,"column":80}},"type":"if","locations":[{"start":{"line":175,"column":6},"end":{"line":175,"column":80}},{"start":{},"end":{}}],"line":175},"24":{"loc":{"start":{"line":175,"column":10},"end":{"line":175,"column":48}},"type":"binary-expr","locations":[{"start":{"line":175,"column":10},"end":{"line":175,"column":31}},{"start":{"line":175,"column":35},"end":{"line":175,"column":48}}],"line":175},"25":{"loc":{"start":{"line":176,"column":6},"end":{"line":176,"column":75}},"type":"if","locations":[{"start":{"line":176,"column":6},"end":{"line":176,"column":75}},{"start":{},"end":{}}],"line":176},"26":{"loc":{"start":{"line":176,"column":10},"end":{"line":176,"column":50}},"type":"binary-expr","locations":[{"start":{"line":176,"column":10},"end":{"line":176,"column":34}},{"start":{"line":176,"column":38},"end":{"line":176,"column":50}}],"line":176},"27":{"loc":{"start":{"line":180,"column":16},"end":{"line":180,"column":56}},"type":"cond-expr","locations":[{"start":{"line":180,"column":24},"end":{"line":180,"column":44}},{"start":{"line":180,"column":47},"end":{"line":180,"column":56}}],"line":180},"28":{"loc":{"start":{"line":186,"column":13},"end":{"line":186,"column":79}},"type":"cond-expr","locations":[{"start":{"line":186,"column":54},"end":{"line":186,"column":67}},{"start":{"line":186,"column":70},"end":{"line":186,"column":79}}],"line":186},"29":{"loc":{"start":{"line":197,"column":4},"end":{"line":202,"column":5}},"type":"if","locations":[{"start":{"line":197,"column":4},"end":{"line":202,"column":5}},{"start":{},"end":{}}],"line":197},"30":{"loc":{"start":{"line":197,"column":8},"end":{"line":197,"column":30}},"type":"binary-expr","locations":[{"start":{"line":197,"column":8},"end":{"line":197,"column":17}},{"start":{"line":197,"column":21},"end":{"line":197,"column":30}}],"line":197},"31":{"loc":{"start":{"line":209,"column":4},"end":{"line":214,"column":5}},"type":"if","locations":[{"start":{"line":209,"column":4},"end":{"line":214,"column":5}},{"start":{},"end":{}}],"line":209},"32":{"loc":{"start":{"line":219,"column":4},"end":{"line":224,"column":5}},"type":"if","locations":[{"start":{"line":219,"column":4},"end":{"line":224,"column":5}},{"start":{},"end":{}}],"line":219},"33":{"loc":{"start":{"line":227,"column":4},"end":{"line":232,"column":5}},"type":"if","locations":[{"start":{"line":227,"column":4},"end":{"line":232,"column":5}},{"start":{},"end":{}}],"line":227},"34":{"loc":{"start":{"line":275,"column":13},"end":{"line":275,"column":79}},"type":"cond-expr","locations":[{"start":{"line":275,"column":54},"end":{"line":275,"column":67}},{"start":{"line":275,"column":70},"end":{"line":275,"column":79}}],"line":275},"35":{"loc":{"start":{"line":287,"column":4},"end":{"line":292,"column":5}},"type":"if","locations":[{"start":{"line":287,"column":4},"end":{"line":292,"column":5}},{"start":{},"end":{}}],"line":287},"36":{"loc":{"start":{"line":319,"column":13},"end":{"line":319,"column":79}},"type":"cond-expr","locations":[{"start":{"line":319,"column":54},"end":{"line":319,"column":67}},{"start":{"line":319,"column":70},"end":{"line":319,"column":79}}],"line":319},"37":{"loc":{"start":{"line":333,"column":6},"end":{"line":338,"column":7}},"type":"if","locations":[{"start":{"line":333,"column":6},"end":{"line":338,"column":7}},{"start":{},"end":{}}],"line":333},"38":{"loc":{"start":{"line":335,"column":8},"end":{"line":337,"column":9}},"type":"if","locations":[{"start":{"line":335,"column":8},"end":{"line":337,"column":9}},{"start":{},"end":{}}],"line":335},"39":{"loc":{"start":{"line":340,"column":6},"end":{"line":352,"column":7}},"type":"if","locations":[{"start":{"line":340,"column":6},"end":{"line":352,"column":7}},{"start":{},"end":{}}],"line":340},"40":{"loc":{"start":{"line":342,"column":8},"end":{"line":344,"column":9}},"type":"if","locations":[{"start":{"line":342,"column":8},"end":{"line":344,"column":9}},{"start":{},"end":{}}],"line":342},"41":{"loc":{"start":{"line":349,"column":8},"end":{"line":351,"column":9}},"type":"if","locations":[{"start":{"line":349,"column":8},"end":{"line":351,"column":9}},{"start":{},"end":{}}],"line":349},"42":{"loc":{"start":{"line":355,"column":6},"end":{"line":357,"column":7}},"type":"if","locations":[{"start":{"line":355,"column":6},"end":{"line":357,"column":7}},{"start":{},"end":{}}],"line":355},"43":{"loc":{"start":{"line":360,"column":6},"end":{"line":360,"column":71}},"type":"if","locations":[{"start":{"line":360,"column":6},"end":{"line":360,"column":71}},{"start":{},"end":{}}],"line":360},"44":{"loc":{"start":{"line":361,"column":6},"end":{"line":361,"column":97}},"type":"if","locations":[{"start":{"line":361,"column":6},"end":{"line":361,"column":97}},{"start":{},"end":{}}],"line":361},"45":{"loc":{"start":{"line":362,"column":6},"end":{"line":362,"column":97}},"type":"if","locations":[{"start":{"line":362,"column":6},"end":{"line":362,"column":97}},{"start":{},"end":{}}],"line":362},"46":{"loc":{"start":{"line":374,"column":43},"end":{"line":374,"column":57}},"type":"binary-expr","locations":[{"start":{"line":374,"column":43},"end":{"line":374,"column":51}},{"start":{"line":374,"column":55},"end":{"line":374,"column":57}}],"line":374},"47":{"loc":{"start":{"line":375,"column":6},"end":{"line":377,"column":7}},"type":"if","locations":[{"start":{"line":375,"column":6},"end":{"line":377,"column":7}},{"start":{},"end":{}}],"line":375},"48":{"loc":{"start":{"line":378,"column":21},"end":{"line":378,"column":41}},"type":"binary-expr","locations":[{"start":{"line":378,"column":21},"end":{"line":378,"column":32}},{"start":{"line":378,"column":36},"end":{"line":378,"column":41}}],"line":378},"49":{"loc":{"start":{"line":383,"column":6},"end":{"line":385,"column":7}},"type":"if","locations":[{"start":{"line":383,"column":6},"end":{"line":385,"column":7}},{"start":{},"end":{}}],"line":383},"50":{"loc":{"start":{"line":384,"column":44},"end":{"line":384,"column":64}},"type":"binary-expr","locations":[{"start":{"line":384,"column":44},"end":{"line":384,"column":55}},{"start":{"line":384,"column":59},"end":{"line":384,"column":64}}],"line":384},"51":{"loc":{"start":{"line":393,"column":49},"end":{"line":393,"column":63}},"type":"binary-expr","locations":[{"start":{"line":393,"column":49},"end":{"line":393,"column":57}},{"start":{"line":393,"column":61},"end":{"line":393,"column":63}}],"line":393},"52":{"loc":{"start":{"line":394,"column":6},"end":{"line":396,"column":7}},"type":"if","locations":[{"start":{"line":394,"column":6},"end":{"line":396,"column":7}},{"start":{},"end":{}}],"line":394},"53":{"loc":{"start":{"line":394,"column":10},"end":{"line":394,"column":31}},"type":"binary-expr","locations":[{"start":{"line":394,"column":10},"end":{"line":394,"column":22}},{"start":{"line":394,"column":26},"end":{"line":394,"column":31}}],"line":394},"54":{"loc":{"start":{"line":397,"column":21},"end":{"line":397,"column":41}},"type":"binary-expr","locations":[{"start":{"line":397,"column":21},"end":{"line":397,"column":32}},{"start":{"line":397,"column":36},"end":{"line":397,"column":41}}],"line":397},"55":{"loc":{"start":{"line":399,"column":6},"end":{"line":401,"column":7}},"type":"if","locations":[{"start":{"line":399,"column":6},"end":{"line":401,"column":7}},{"start":{},"end":{}}],"line":399},"56":{"loc":{"start":{"line":400,"column":63},"end":{"line":400,"column":86}},"type":"cond-expr","locations":[{"start":{"line":400,"column":70},"end":{"line":400,"column":79}},{"start":{"line":400,"column":82},"end":{"line":400,"column":86}}],"line":400},"57":{"loc":{"start":{"line":400,"column":99},"end":{"line":400,"column":151}},"type":"cond-expr","locations":[{"start":{"line":400,"column":106},"end":{"line":400,"column":144}},{"start":{"line":400,"column":147},"end":{"line":400,"column":151}}],"line":400},"58":{"loc":{"start":{"line":402,"column":6},"end":{"line":404,"column":7}},"type":"if","locations":[{"start":{"line":402,"column":6},"end":{"line":404,"column":7}},{"start":{},"end":{}}],"line":402},"59":{"loc":{"start":{"line":405,"column":6},"end":{"line":408,"column":7}},"type":"if","locations":[{"start":{"line":405,"column":6},"end":{"line":408,"column":7}},{"start":{},"end":{}}],"line":405},"60":{"loc":{"start":{"line":409,"column":6},"end":{"line":411,"column":7}},"type":"if","locations":[{"start":{"line":409,"column":6},"end":{"line":411,"column":7}},{"start":{},"end":{}}],"line":409}},"s":{"0":7,"1":7,"2":7,"3":7,"4":7,"5":7,"6":7,"7":5,"8":5,"9":5,"10":5,"11":0,"12":5,"13":5,"14":0,"15":5,"16":5,"17":0,"18":5,"19":5,"20":0,"21":5,"22":0,"23":0,"24":0,"25":0,"26":0,"27":0,"28":0,"29":5,"30":5,"31":5,"32":5,"33":0,"34":5,"35":5,"36":5,"37":0,"38":0,"39":0,"40":0,"41":0,"42":0,"43":0,"44":0,"45":0,"46":0,"47":0,"48":0,"49":0,"50":0,"51":0,"52":0,"53":0,"54":0,"55":0,"56":0,"57":7,"58":4,"59":4,"60":4,"61":0,"62":4,"63":4,"64":0,"65":4,"66":4,"67":0,"68":4,"69":0,"70":4,"71":4,"72":4,"73":4,"74":0,"75":0,"76":7,"77":2,"78":2,"79":2,"80":0,"81":2,"82":2,"83":0,"84":0,"85":7,"86":2,"87":2,"88":2,"89":2,"90":2,"91":0,"92":2,"93":0,"94":0,"95":0,"96":0,"97":0,"98":0,"99":2,"100":2,"101":0,"102":2,"103":2,"104":2,"105":2,"106":0,"107":2,"108":0,"109":2,"110":2,"111":0,"112":0,"113":0,"114":0,"115":0,"116":0,"117":0,"118":0,"119":0,"120":0,"121":0,"122":0,"123":0,"124":0,"125":0,"126":0,"127":0,"128":0,"129":0,"130":0,"131":0,"132":0,"133":0,"134":0,"135":0,"136":0,"137":0,"138":0,"139":0,"140":0,"141":0,"142":0,"143":0,"144":0},"f":{"0":5,"1":4,"2":2,"3":2,"4":0,"5":0},"b":{"0":[0,5],"1":[0,5],"2":[0,5],"3":[0,5],"4":[0,5],"5":[0,0],"6":[0,0],"7":[0,0],"8":[5,0],"9":[5,3],"10":[5,4],"11":[5,0],"12":[0,0],"13":[0,0],"14":[0,0],"15":[0,0],"16":[0,0],"17":[0,0],"18":[0,0],"19":[0,0],"20":[0,0],"21":[0,0],"22":[0,0],"23":[0,0],"24":[0,0],"25":[0,0],"26":[0,0],"27":[0,0],"28":[0,0],"29":[0,4],"30":[4,4],"31":[0,4],"32":[0,4],"33":[0,4],"34":[0,0],"35":[0,2],"36":[0,0],"37":[2,0],"38":[0,2],"39":[0,2],"40":[0,0],"41":[0,0],"42":[0,2],"43":[2,0],"44":[0,2],"45":[0,2],"46":[0,0],"47":[0,0],"48":[0,0],"49":[0,0],"50":[0,0],"51":[0,0],"52":[0,0],"53":[0,0],"54":[0,0],"55":[0,0],"56":[0,0],"57":[0,0],"58":[0,0],"59":[0,0],"60":[0,0]},"_coverageSchema":"1a1c01bbd47fc00a2c39e90264f33305004495a9","hash":"ac84a6ee10149cc66ce45484664ef5316e25a340"}
,"E:\\sync\\courses\\CS3604\\12306\\backend\\src\\controllers\\orderController.js": {"path":"E:\\sync\\courses\\CS3604\\12306\\backend\\src\\controllers\\orderController.js","statementMap":{"0":{"start":{"line":1,"column":58},"end":{"line":1,"column":78}},"1":{"start":{"line":2,"column":28},"end":{"line":2,"column":58}},"2":{"start":{"line":3,"column":15},"end":{"line":3,"column":35}},"3":{"start":{"line":6,"column":20},"end":{"line":239,"column":1}},"4":{"start":{"line":7,"column":22},"end":{"line":7,"column":57}},"5":{"start":{"line":9,"column":2},"end":{"line":238,"column":3}},"6":{"start":{"line":16,"column":8},"end":{"line":16,"column":16}},"7":{"start":{"line":19,"column":4},"end":{"line":24,"column":5}},"8":{"start":{"line":20,"column":6},"end":{"line":23,"column":9}},"9":{"start":{"line":27,"column":17},"end":{"line":27,"column":49}},"10":{"start":{"line":28,"column":4},"end":{"line":33,"column":5}},"11":{"start":{"line":29,"column":6},"end":{"line":32,"column":9}},"12":{"start":{"line":36,"column":18},"end":{"line":38,"column":6}},"13":{"start":{"line":40,"column":4},"end":{"line":45,"column":5}},"14":{"start":{"line":41,"column":6},"end":{"line":44,"column":9}},"15":{"start":{"line":48,"column":29},"end":{"line":48,"column":31}},"16":{"start":{"line":51,"column":26},"end":{"line":51,"column":28}},"17":{"start":{"line":52,"column":4},"end":{"line":54,"column":7}},"18":{"start":{"line":53,"column":6},"end":{"line":53,"column":89}},"19":{"start":{"line":57,"column":4},"end":{"line":105,"column":5}},"20":{"start":{"line":58,"column":24},"end":{"line":65,"column":8}},"21":{"start":{"line":67,"column":6},"end":{"line":73,"column":7}},"22":{"start":{"line":68,"column":8},"end":{"line":68,"column":37}},"23":{"start":{"line":69,"column":8},"end":{"line":72,"column":11}},"24":{"start":{"line":75,"column":6},"end":{"line":81,"column":7}},"25":{"start":{"line":76,"column":8},"end":{"line":76,"column":37}},"26":{"start":{"line":77,"column":8},"end":{"line":80,"column":11}},"27":{"start":{"line":84,"column":32},"end":{"line":84,"column":64}},"28":{"start":{"line":87,"column":6},"end":{"line":93,"column":7}},"29":{"start":{"line":88,"column":8},"end":{"line":88,"column":37}},"30":{"start":{"line":89,"column":8},"end":{"line":92,"column":11}},"31":{"start":{"line":96,"column":6},"end":{"line":98,"column":26}},"32":{"start":{"line":100,"column":6},"end":{"line":104,"column":9}},"33":{"start":{"line":108,"column":20},"end":{"line":108,"column":37}},"34":{"start":{"line":111,"column":18},"end":{"line":125,"column":23}},"35":{"start":{"line":128,"column":28},"end":{"line":128,"column":30}},"36":{"start":{"line":129,"column":25},"end":{"line":129,"column":26}},"37":{"start":{"line":132,"column":23},"end":{"line":132,"column":32}},"38":{"start":{"line":133,"column":4},"end":{"line":137,"column":7}},"39":{"start":{"line":134,"column":18},"end":{"line":134,"column":50}},"40":{"start":{"line":135,"column":6},"end":{"line":135,"column":20}},"41":{"start":{"line":136,"column":6},"end":{"line":136,"column":38}},"42":{"start":{"line":139,"column":26},"end":{"line":139,"column":66}},"43":{"start":{"line":141,"column":4},"end":{"line":160,"column":5}},"44":{"start":{"line":142,"column":20},"end":{"line":146,"column":8}},"45":{"start":{"line":143,"column":20},"end":{"line":143,"column":38}},"46":{"start":{"line":145,"column":8},"end":{"line":145,"column":39}},"47":{"start":{"line":148,"column":28},"end":{"line":155,"column":7}},"48":{"start":{"line":157,"column":6},"end":{"line":159,"column":9}},"49":{"start":{"line":158,"column":8},"end":{"line":158,"column":46}},"50":{"start":{"line":163,"column":4},"end":{"line":186,"column":5}},"51":{"start":{"line":163,"column":17},"end":{"line":163,"column":18}},"52":{"start":{"line":164,"column":25},"end":{"line":164,"column":39}},"53":{"start":{"line":165,"column":24},"end":{"line":165,"column":37}},"54":{"start":{"line":166,"column":6},"end":{"line":169,"column":7}},"55":{"start":{"line":167,"column":8},"end":{"line":167,"column":37}},"56":{"start":{"line":168,"column":8},"end":{"line":168,"column":76}},"57":{"start":{"line":171,"column":25},"end":{"line":171,"column":41}},"58":{"start":{"line":173,"column":29},"end":{"line":183,"column":25}},"59":{"start":{"line":185,"column":6},"end":{"line":185,"column":43}},"60":{"start":{"line":188,"column":4},"end":{"line":188,"column":31}},"61":{"start":{"line":191,"column":32},"end":{"line":196,"column":6}},"62":{"start":{"line":198,"column":4},"end":{"line":206,"column":7}},"63":{"start":{"line":210,"column":4},"end":{"line":212,"column":5}},"64":{"start":{"line":211,"column":6},"end":{"line":211,"column":35}},"65":{"start":{"line":214,"column":4},"end":{"line":214,"column":36}},"66":{"start":{"line":217,"column":4},"end":{"line":223,"column":5}},"67":{"start":{"line":218,"column":6},"end":{"line":222,"column":9}},"68":{"start":{"line":225,"column":4},"end":{"line":231,"column":5}},"69":{"start":{"line":226,"column":6},"end":{"line":230,"column":9}},"70":{"start":{"line":233,"column":4},"end":{"line":237,"column":7}},"71":{"start":{"line":242,"column":30},"end":{"line":352,"column":1}},"72":{"start":{"line":244,"column":24},"end":{"line":252,"column":4}},"73":{"start":{"line":253,"column":19},"end":{"line":253,"column":64}},"74":{"start":{"line":253,"column":50},"end":{"line":253,"column":62}},"75":{"start":{"line":256,"column":18},"end":{"line":256,"column":39}},"76":{"start":{"line":257,"column":15},"end":{"line":257,"column":49}},"77":{"start":{"line":257,"column":45},"end":{"line":257,"column":48}},"78":{"start":{"line":258,"column":15},"end":{"line":258,"column":50}},"79":{"start":{"line":258,"column":46},"end":{"line":258,"column":49}},"80":{"start":{"line":259,"column":19},"end":{"line":259,"column":21}},"81":{"start":{"line":260,"column":2},"end":{"line":266,"column":3}},"82":{"start":{"line":261,"column":4},"end":{"line":265,"column":5}},"83":{"start":{"line":262,"column":6},"end":{"line":264,"column":7}},"84":{"start":{"line":263,"column":8},"end":{"line":263,"column":76}},"85":{"start":{"line":268,"column":24},"end":{"line":282,"column":3}},"86":{"start":{"line":269,"column":16},"end":{"line":269,"column":25}},"87":{"start":{"line":270,"column":4},"end":{"line":275,"column":7}},"88":{"start":{"line":271,"column":18},"end":{"line":271,"column":37}},"89":{"start":{"line":272,"column":18},"end":{"line":272,"column":36}},"90":{"start":{"line":273,"column":6},"end":{"line":273,"column":18}},"91":{"start":{"line":274,"column":6},"end":{"line":274,"column":24}},"92":{"start":{"line":276,"column":4},"end":{"line":281,"column":7}},"93":{"start":{"line":277,"column":24},"end":{"line":277,"column":61}},"94":{"start":{"line":277,"column":46},"end":{"line":277,"column":60}},"95":{"start":{"line":279,"column":6},"end":{"line":279,"column":77}},"96":{"start":{"line":279,"column":24},"end":{"line":279,"column":75}},"97":{"start":{"line":280,"column":6},"end":{"line":280,"column":33}},"98":{"start":{"line":284,"column":20},"end":{"line":284,"column":42}},"99":{"start":{"line":285,"column":21},"end":{"line":285,"column":39}},"100":{"start":{"line":287,"column":30},"end":{"line":312,"column":3}},"101":{"start":{"line":288,"column":19},"end":{"line":288,"column":21}},"102":{"start":{"line":289,"column":17},"end":{"line":289,"column":26}},"103":{"start":{"line":291,"column":4},"end":{"line":295,"column":7}},"104":{"start":{"line":292,"column":6},"end":{"line":292,"column":24}},"105":{"start":{"line":292,"column":17},"end":{"line":292,"column":24}},"106":{"start":{"line":293,"column":20},"end":{"line":293,"column":74}},"107":{"start":{"line":293,"column":41},"end":{"line":293,"column":73}},"108":{"start":{"line":294,"column":6},"end":{"line":294,"column":57}},"109":{"start":{"line":294,"column":19},"end":{"line":294,"column":38}},"110":{"start":{"line":294,"column":39},"end":{"line":294,"column":55}},"111":{"start":{"line":297,"column":26},"end":{"line":304,"column":5}},"112":{"start":{"line":298,"column":6},"end":{"line":303,"column":7}},"113":{"start":{"line":299,"column":23},"end":{"line":299,"column":37}},"114":{"start":{"line":300,"column":8},"end":{"line":302,"column":9}},"115":{"start":{"line":301,"column":10},"end":{"line":301,"column":28}},"116":{"start":{"line":301,"column":29},"end":{"line":301,"column":44}},"117":{"start":{"line":305,"column":4},"end":{"line":305,"column":55}},"118":{"start":{"line":305,"column":30},"end":{"line":305,"column":55}},"119":{"start":{"line":306,"column":4},"end":{"line":306,"column":56}},"120":{"start":{"line":306,"column":30},"end":{"line":306,"column":56}},"121":{"start":{"line":308,"column":4},"end":{"line":310,"column":5}},"122":{"start":{"line":309,"column":6},"end":{"line":309,"column":89}},"123":{"start":{"line":309,"column":53},"end":{"line":309,"column":71}},"124":{"start":{"line":309,"column":72},"end":{"line":309,"column":87}},"125":{"start":{"line":311,"column":4},"end":{"line":311,"column":49}},"126":{"start":{"line":314,"column":18},"end":{"line":314,"column":41}},"127":{"start":{"line":315,"column":17},"end":{"line":315,"column":44}},"128":{"start":{"line":316,"column":18},"end":{"line":316,"column":23}},"129":{"start":{"line":317,"column":18},"end":{"line":317,"column":37}},"130":{"start":{"line":320,"column":2},"end":{"line":330,"column":3}},"131":{"start":{"line":321,"column":18},"end":{"line":321,"column":73}},"132":{"start":{"line":321,"column":36},"end":{"line":321,"column":57}},"133":{"start":{"line":321,"column":66},"end":{"line":321,"column":72}},"134":{"start":{"line":322,"column":4},"end":{"line":329,"column":5}},"135":{"start":{"line":323,"column":21},"end":{"line":323,"column":69}},"136":{"start":{"line":324,"column":6},"end":{"line":328,"column":7}},"137":{"start":{"line":326,"column":8},"end":{"line":326,"column":89}},"138":{"start":{"line":326,"column":19},"end":{"line":326,"column":20}},"139":{"start":{"line":326,"column":40},"end":{"line":326,"column":62}},"140":{"start":{"line":326,"column":63},"end":{"line":326,"column":87}},"141":{"start":{"line":327,"column":8},"end":{"line":327,"column":22}},"142":{"start":{"line":333,"column":2},"end":{"line":345,"column":3}},"143":{"start":{"line":334,"column":20},"end":{"line":334,"column":50}},"144":{"start":{"line":334,"column":38},"end":{"line":334,"column":49}},"145":{"start":{"line":335,"column":19},"end":{"line":335,"column":21}},"146":{"start":{"line":336,"column":4},"end":{"line":340,"column":5}},"147":{"start":{"line":337,"column":20},"end":{"line":337,"column":75}},"148":{"start":{"line":337,"column":38},"end":{"line":337,"column":59}},"149":{"start":{"line":337,"column":68},"end":{"line":337,"column":74}},"150":{"start":{"line":338,"column":6},"end":{"line":338,"column":28}},"151":{"start":{"line":339,"column":6},"end":{"line":339,"column":44}},"152":{"start":{"line":339,"column":38},"end":{"line":339,"column":44}},"153":{"start":{"line":341,"column":4},"end":{"line":344,"column":5}},"154":{"start":{"line":342,"column":21},"end":{"line":342,"column":70}},"155":{"start":{"line":343,"column":6},"end":{"line":343,"column":115}},"156":{"start":{"line":343,"column":20},"end":{"line":343,"column":98}},"157":{"start":{"line":343,"column":31},"end":{"line":343,"column":32}},"158":{"start":{"line":343,"column":51},"end":{"line":343,"column":71}},"159":{"start":{"line":343,"column":72},"end":{"line":343,"column":96}},"160":{"start":{"line":343,"column":99},"end":{"line":343,"column":113}},"161":{"start":{"line":348,"column":19},"end":{"line":348,"column":75}},"162":{"start":{"line":348,"column":38},"end":{"line":348,"column":59}},"163":{"start":{"line":348,"column":68},"end":{"line":348,"column":74}},"164":{"start":{"line":349,"column":17},"end":{"line":349,"column":100}},"165":{"start":{"line":350,"column":2},"end":{"line":350,"column":80}},"166":{"start":{"line":350,"column":13},"end":{"line":350,"column":14}},"167":{"start":{"line":350,"column":33},"end":{"line":350,"column":53}},"168":{"start":{"line":350,"column":54},"end":{"line":350,"column":78}},"169":{"start":{"line":351,"column":2},"end":{"line":351,"column":16}},"170":{"start":{"line":355,"column":24},"end":{"line":441,"column":1}},"171":{"start":{"line":356,"column":2},"end":{"line":440,"column":3}},"172":{"start":{"line":357,"column":45},"end":{"line":357,"column":54}},"173":{"start":{"line":358,"column":19},"end":{"line":358,"column":37}},"174":{"start":{"line":360,"column":24},"end":{"line":360,"column":47}},"175":{"start":{"line":361,"column":4},"end":{"line":363,"column":5}},"176":{"start":{"line":362,"column":6},"end":{"line":362,"column":34}},"177":{"start":{"line":365,"column":19},"end":{"line":374,"column":6}},"178":{"start":{"line":376,"column":16},"end":{"line":376,"column":26}},"179":{"start":{"line":377,"column":20},"end":{"line":377,"column":22}},"180":{"start":{"line":378,"column":18},"end":{"line":378,"column":75}},"181":{"start":{"line":379,"column":4},"end":{"line":417,"column":5}},"182":{"start":{"line":380,"column":6},"end":{"line":393,"column":7}},"183":{"start":{"line":381,"column":8},"end":{"line":392,"column":18}},"184":{"start":{"line":382,"column":25},"end":{"line":382,"column":54}},"185":{"start":{"line":383,"column":10},"end":{"line":388,"column":11}},"186":{"start":{"line":384,"column":29},"end":{"line":384,"column":67}},"187":{"start":{"line":385,"column":22},"end":{"line":385,"column":45}},"188":{"start":{"line":386,"column":22},"end":{"line":386,"column":45}},"189":{"start":{"line":387,"column":12},"end":{"line":387,"column":40}},"190":{"start":{"line":389,"column":10},"end":{"line":391,"column":11}},"191":{"start":{"line":390,"column":12},"end":{"line":390,"column":64}},"192":{"start":{"line":394,"column":6},"end":{"line":416,"column":7}},"193":{"start":{"line":395,"column":8},"end":{"line":415,"column":18}},"194":{"start":{"line":396,"column":26},"end":{"line":396,"column":51}},"195":{"start":{"line":397,"column":10},"end":{"line":414,"column":11}},"196":{"start":{"line":398,"column":31},"end":{"line":398,"column":33}},"197":{"start":{"line":399,"column":12},"end":{"line":412,"column":13}},"198":{"start":{"line":400,"column":14},"end":{"line":403,"column":17}},"199":{"start":{"line":401,"column":28},"end":{"line":401,"column":43}},"200":{"start":{"line":402,"column":16},"end":{"line":402,"column":61}},"201":{"start":{"line":404,"column":14},"end":{"line":411,"column":15}},"202":{"start":{"line":405,"column":16},"end":{"line":410,"column":22}},"203":{"start":{"line":406,"column":36},"end":{"line":406,"column":143}},"204":{"start":{"line":407,"column":18},"end":{"line":409,"column":19}},"205":{"start":{"line":408,"column":20},"end":{"line":408,"column":97}},"206":{"start":{"line":413,"column":12},"end":{"line":413,"column":64}},"207":{"start":{"line":418,"column":4},"end":{"line":418,"column":55}},"208":{"start":{"line":418,"column":28},"end":{"line":418,"column":55}},"209":{"start":{"line":420,"column":4},"end":{"line":431,"column":7}},"210":{"start":{"line":434,"column":4},"end":{"line":434,"column":38}},"211":{"start":{"line":435,"column":4},"end":{"line":439,"column":7}},"212":{"start":{"line":444,"column":23},"end":{"line":479,"column":1}},"213":{"start":{"line":445,"column":2},"end":{"line":478,"column":3}},"214":{"start":{"line":446,"column":24},"end":{"line":446,"column":34}},"215":{"start":{"line":448,"column":18},"end":{"line":457,"column":6}},"216":{"start":{"line":459,"column":4},"end":{"line":464,"column":5}},"217":{"start":{"line":460,"column":6},"end":{"line":463,"column":9}},"218":{"start":{"line":466,"column":4},"end":{"line":469,"column":7}},"219":{"start":{"line":472,"column":4},"end":{"line":472,"column":38}},"220":{"start":{"line":473,"column":4},"end":{"line":477,"column":7}},"221":{"start":{"line":482,"column":20},"end":{"line":580,"column":1}},"222":{"start":{"line":483,"column":22},"end":{"line":483,"column":57}},"223":{"start":{"line":485,"column":2},"end":{"line":579,"column":3}},"224":{"start":{"line":486,"column":24},"end":{"line":486,"column":34}},"225":{"start":{"line":489,"column":4},"end":{"line":493,"column":7}},"226":{"start":{"line":496,"column":18},"end":{"line":508,"column":6}},"227":{"start":{"line":510,"column":4},"end":{"line":515,"column":17}},"228":{"start":{"line":517,"column":4},"end":{"line":523,"column":5}},"229":{"start":{"line":518,"column":6},"end":{"line":518,"column":35}},"230":{"start":{"line":519,"column":6},"end":{"line":522,"column":9}},"231":{"start":{"line":525,"column":4},"end":{"line":531,"column":5}},"232":{"start":{"line":526,"column":6},"end":{"line":526,"column":35}},"233":{"start":{"line":527,"column":6},"end":{"line":530,"column":9}},"234":{"start":{"line":534,"column":23},"end":{"line":534,"column":25}},"235":{"start":{"line":535,"column":4},"end":{"line":557,"column":5}},"236":{"start":{"line":536,"column":6},"end":{"line":539,"column":9}},"237":{"start":{"line":537,"column":20},"end":{"line":537,"column":43}},"238":{"start":{"line":538,"column":8},"end":{"line":538,"column":53}},"239":{"start":{"line":541,"column":6},"end":{"line":556,"column":7}},"240":{"start":{"line":542,"column":26},"end":{"line":549,"column":10}},"241":{"start":{"line":551,"column":8},"end":{"line":555,"column":9}},"242":{"start":{"line":552,"column":10},"end":{"line":554,"column":30}},"243":{"start":{"line":560,"column":4},"end":{"line":562,"column":24}},"244":{"start":{"line":564,"column":4},"end":{"line":564,"column":31}},"245":{"start":{"line":566,"column":4},"end":{"line":569,"column":7}},"246":{"start":{"line":572,"column":4},"end":{"line":572,"column":33}},"247":{"start":{"line":573,"column":4},"end":{"line":573,"column":36}},"248":{"start":{"line":574,"column":4},"end":{"line":578,"column":7}},"249":{"start":{"line":583,"column":26},"end":{"line":643,"column":1}},"250":{"start":{"line":584,"column":22},"end":{"line":584,"column":57}},"251":{"start":{"line":586,"column":2},"end":{"line":642,"column":3}},"252":{"start":{"line":587,"column":24},"end":{"line":587,"column":34}},"253":{"start":{"line":588,"column":51},"end":{"line":588,"column":59}},"254":{"start":{"line":591,"column":18},"end":{"line":597,"column":6}},"255":{"start":{"line":599,"column":4},"end":{"line":605,"column":5}},"256":{"start":{"line":600,"column":6},"end":{"line":600,"column":35}},"257":{"start":{"line":601,"column":6},"end":{"line":604,"column":9}},"258":{"start":{"line":608,"column":4},"end":{"line":614,"column":5}},"259":{"start":{"line":609,"column":6},"end":{"line":609,"column":35}},"260":{"start":{"line":610,"column":6},"end":{"line":613,"column":9}},"261":{"start":{"line":617,"column":23},"end":{"line":617,"column":33}},"262":{"start":{"line":618,"column":4},"end":{"line":618,"column":64}},"263":{"start":{"line":618,"column":23},"end":{"line":618,"column":64}},"264":{"start":{"line":619,"column":4},"end":{"line":619,"column":68}},"265":{"start":{"line":619,"column":21},"end":{"line":619,"column":68}},"266":{"start":{"line":621,"column":4},"end":{"line":621,"column":52}},"267":{"start":{"line":623,"column":4},"end":{"line":623,"column":31}},"268":{"start":{"line":625,"column":4},"end":{"line":632,"column":7}},"269":{"start":{"line":635,"column":4},"end":{"line":635,"column":33}},"270":{"start":{"line":636,"column":4},"end":{"line":636,"column":38}},"271":{"start":{"line":637,"column":4},"end":{"line":641,"column":7}},"272":{"start":{"line":645,"column":0},"end":{"line":651,"column":2}}},"fnMap":{"0":{"name":"(anonymous_0)","decl":{"start":{"line":6,"column":20},"end":{"line":6,"column":21}},"loc":{"start":{"line":6,"column":40},"end":{"line":239,"column":1}},"line":6},"1":{"name":"(anonymous_1)","decl":{"start":{"line":52,"column":24},"end":{"line":52,"column":25}},"loc":{"start":{"line":52,"column":38},"end":{"line":54,"column":5}},"line":52},"2":{"name":"(anonymous_2)","decl":{"start":{"line":133,"column":24},"end":{"line":133,"column":25}},"loc":{"start":{"line":133,"column":36},"end":{"line":137,"column":5}},"line":133},"3":{"name":"(anonymous_3)","decl":{"start":{"line":142,"column":32},"end":{"line":142,"column":33}},"loc":{"start":{"line":142,"column":37},"end":{"line":146,"column":7}},"line":142},"4":{"name":"(anonymous_4)","decl":{"start":{"line":157,"column":22},"end":{"line":157,"column":23}},"loc":{"start":{"line":157,"column":34},"end":{"line":159,"column":7}},"line":157},"5":{"name":"(anonymous_5)","decl":{"start":{"line":242,"column":30},"end":{"line":242,"column":31}},"loc":{"start":{"line":242,"column":107},"end":{"line":352,"column":1}},"line":242},"6":{"name":"(anonymous_6)","decl":{"start":{"line":253,"column":45},"end":{"line":253,"column":46}},"loc":{"start":{"line":253,"column":50},"end":{"line":253,"column":62}},"line":253},"7":{"name":"(anonymous_7)","decl":{"start":{"line":257,"column":38},"end":{"line":257,"column":39}},"loc":{"start":{"line":257,"column":45},"end":{"line":257,"column":48}},"line":257},"8":{"name":"(anonymous_8)","decl":{"start":{"line":258,"column":39},"end":{"line":258,"column":40}},"loc":{"start":{"line":258,"column":46},"end":{"line":258,"column":49}},"line":258},"9":{"name":"(anonymous_9)","decl":{"start":{"line":268,"column":24},"end":{"line":268,"column":25}},"loc":{"start":{"line":268,"column":34},"end":{"line":282,"column":3}},"line":268},"10":{"name":"(anonymous_10)","decl":{"start":{"line":270,"column":17},"end":{"line":270,"column":18}},"loc":{"start":{"line":270,"column":22},"end":{"line":275,"column":5}},"line":270},"11":{"name":"(anonymous_11)","decl":{"start":{"line":276,"column":41},"end":{"line":276,"column":42}},"loc":{"start":{"line":276,"column":59},"end":{"line":281,"column":5}},"line":276},"12":{"name":"(anonymous_12)","decl":{"start":{"line":277,"column":43},"end":{"line":277,"column":44}},"loc":{"start":{"line":277,"column":46},"end":{"line":277,"column":60}},"line":277},"13":{"name":"(anonymous_13)","decl":{"start":{"line":279,"column":17},"end":{"line":279,"column":18}},"loc":{"start":{"line":279,"column":24},"end":{"line":279,"column":75}},"line":279},"14":{"name":"(anonymous_14)","decl":{"start":{"line":287,"column":30},"end":{"line":287,"column":31}},"loc":{"start":{"line":287,"column":59},"end":{"line":312,"column":3}},"line":287},"15":{"name":"(anonymous_15)","decl":{"start":{"line":291,"column":18},"end":{"line":291,"column":19}},"loc":{"start":{"line":291,"column":26},"end":{"line":295,"column":5}},"line":291},"16":{"name":"(anonymous_16)","decl":{"start":{"line":293,"column":36},"end":{"line":293,"column":37}},"loc":{"start":{"line":293,"column":41},"end":{"line":293,"column":73}},"line":293},"17":{"name":"(anonymous_17)","decl":{"start":{"line":297,"column":26},"end":{"line":297,"column":27}},"loc":{"start":{"line":297,"column":40},"end":{"line":304,"column":5}},"line":297},"18":{"name":"(anonymous_18)","decl":{"start":{"line":321,"column":31},"end":{"line":321,"column":32}},"loc":{"start":{"line":321,"column":36},"end":{"line":321,"column":57}},"line":321},"19":{"name":"(anonymous_19)","decl":{"start":{"line":321,"column":63},"end":{"line":321,"column":64}},"loc":{"start":{"line":321,"column":66},"end":{"line":321,"column":72}},"line":321},"20":{"name":"(anonymous_20)","decl":{"start":{"line":334,"column":35},"end":{"line":334,"column":36}},"loc":{"start":{"line":334,"column":38},"end":{"line":334,"column":49}},"line":334},"21":{"name":"(anonymous_21)","decl":{"start":{"line":337,"column":35},"end":{"line":337,"column":36}},"loc":{"start":{"line":337,"column":38},"end":{"line":337,"column":59}},"line":337},"22":{"name":"(anonymous_22)","decl":{"start":{"line":337,"column":65},"end":{"line":337,"column":66}},"loc":{"start":{"line":337,"column":68},"end":{"line":337,"column":74}},"line":337},"23":{"name":"(anonymous_23)","decl":{"start":{"line":348,"column":35},"end":{"line":348,"column":36}},"loc":{"start":{"line":348,"column":38},"end":{"line":348,"column":59}},"line":348},"24":{"name":"(anonymous_24)","decl":{"start":{"line":348,"column":65},"end":{"line":348,"column":66}},"loc":{"start":{"line":348,"column":68},"end":{"line":348,"column":74}},"line":348},"25":{"name":"(anonymous_25)","decl":{"start":{"line":355,"column":24},"end":{"line":355,"column":25}},"loc":{"start":{"line":355,"column":44},"end":{"line":441,"column":1}},"line":355},"26":{"name":"(anonymous_26)","decl":{"start":{"line":400,"column":39},"end":{"line":400,"column":40}},"loc":{"start":{"line":400,"column":44},"end":{"line":403,"column":15}},"line":400},"27":{"name":"(anonymous_27)","decl":{"start":{"line":405,"column":30},"end":{"line":405,"column":31}},"loc":{"start":{"line":405,"column":42},"end":{"line":410,"column":17}},"line":405},"28":{"name":"(anonymous_28)","decl":{"start":{"line":444,"column":23},"end":{"line":444,"column":24}},"loc":{"start":{"line":444,"column":43},"end":{"line":479,"column":1}},"line":444},"29":{"name":"(anonymous_29)","decl":{"start":{"line":482,"column":20},"end":{"line":482,"column":21}},"loc":{"start":{"line":482,"column":40},"end":{"line":580,"column":1}},"line":482},"30":{"name":"(anonymous_30)","decl":{"start":{"line":536,"column":31},"end":{"line":536,"column":32}},"loc":{"start":{"line":536,"column":44},"end":{"line":539,"column":7}},"line":536},"31":{"name":"(anonymous_31)","decl":{"start":{"line":583,"column":26},"end":{"line":583,"column":27}},"loc":{"start":{"line":583,"column":46},"end":{"line":643,"column":1}},"line":583}},"branchMap":{"0":{"loc":{"start":{"line":15,"column":6},"end":{"line":15,"column":24}},"type":"default-arg","locations":[{"start":{"line":15,"column":22},"end":{"line":15,"column":24}}],"line":15},"1":{"loc":{"start":{"line":19,"column":4},"end":{"line":24,"column":5}},"type":"if","locations":[{"start":{"line":19,"column":4},"end":{"line":24,"column":5}},{"start":{},"end":{}}],"line":19},"2":{"loc":{"start":{"line":19,"column":8},"end":{"line":19,"column":64}},"type":"binary-expr","locations":[{"start":{"line":19,"column":8},"end":{"line":19,"column":18}},{"start":{"line":19,"column":22},"end":{"line":19,"column":33}},{"start":{"line":19,"column":37},"end":{"line":19,"column":49}},{"start":{"line":19,"column":53},"end":{"line":19,"column":64}}],"line":19},"3":{"loc":{"start":{"line":28,"column":4},"end":{"line":33,"column":5}},"type":"if","locations":[{"start":{"line":28,"column":4},"end":{"line":33,"column":5}},{"start":{},"end":{}}],"line":28},"4":{"loc":{"start":{"line":40,"column":4},"end":{"line":45,"column":5}},"type":"if","locations":[{"start":{"line":40,"column":4},"end":{"line":45,"column":5}},{"start":{},"end":{}}],"line":40},"5":{"loc":{"start":{"line":53,"column":44},"end":{"line":53,"column":83}},"type":"binary-expr","locations":[{"start":{"line":53,"column":44},"end":{"line":53,"column":78}},{"start":{"line":53,"column":82},"end":{"line":53,"column":83}}],"line":53},"6":{"loc":{"start":{"line":67,"column":6},"end":{"line":73,"column":7}},"type":"if","locations":[{"start":{"line":67,"column":6},"end":{"line":73,"column":7}},{"start":{},"end":{}}],"line":67},"7":{"loc":{"start":{"line":75,"column":6},"end":{"line":81,"column":7}},"type":"if","locations":[{"start":{"line":75,"column":6},"end":{"line":81,"column":7}},{"start":{},"end":{}}],"line":75},"8":{"loc":{"start":{"line":87,"column":6},"end":{"line":93,"column":7}},"type":"if","locations":[{"start":{"line":87,"column":6},"end":{"line":93,"column":7}},{"start":{},"end":{}}],"line":87},"9":{"loc":{"start":{"line":115,"column":19},"end":{"line":115,"column":58}},"type":"binary-expr","locations":[{"start":{"line":115,"column":19},"end":{"line":115,"column":40}},{"start":{"line":115,"column":44},"end":{"line":115,"column":58}}],"line":115},"10":{"loc":{"start":{"line":116,"column":17},"end":{"line":116,"column":52}},"type":"binary-expr","locations":[{"start":{"line":116,"column":17},"end":{"line":116,"column":36}},{"start":{"line":116,"column":40},"end":{"line":116,"column":52}}],"line":116},"11":{"loc":{"start":{"line":134,"column":18},"end":{"line":134,"column":50}},"type":"binary-expr","locations":[{"start":{"line":134,"column":18},"end":{"line":134,"column":44}},{"start":{"line":134,"column":48},"end":{"line":134,"column":50}}],"line":134},"12":{"loc":{"start":{"line":145,"column":15},"end":{"line":145,"column":38}},"type":"cond-expr","locations":[{"start":{"line":145,"column":29},"end":{"line":145,"column":32}},{"start":{"line":145,"column":35},"end":{"line":145,"column":38}}],"line":145},"13":{"loc":{"start":{"line":166,"column":6},"end":{"line":169,"column":7}},"type":"if","locations":[{"start":{"line":166,"column":6},"end":{"line":169,"column":7}},{"start":{},"end":{}}],"line":166},"14":{"loc":{"start":{"line":210,"column":4},"end":{"line":212,"column":5}},"type":"if","locations":[{"start":{"line":210,"column":4},"end":{"line":212,"column":5}},{"start":{},"end":{}}],"line":210},"15":{"loc":{"start":{"line":210,"column":8},"end":{"line":210,"column":44}},"type":"binary-expr","locations":[{"start":{"line":210,"column":8},"end":{"line":210,"column":19}},{"start":{"line":210,"column":23},"end":{"line":210,"column":44}}],"line":210},"16":{"loc":{"start":{"line":217,"column":4},"end":{"line":223,"column":5}},"type":"if","locations":[{"start":{"line":217,"column":4},"end":{"line":223,"column":5}},{"start":{},"end":{}}],"line":217},"17":{"loc":{"start":{"line":221,"column":15},"end":{"line":221,"column":81}},"type":"cond-expr","locations":[{"start":{"line":221,"column":56},"end":{"line":221,"column":69}},{"start":{"line":221,"column":72},"end":{"line":221,"column":81}}],"line":221},"18":{"loc":{"start":{"line":225,"column":4},"end":{"line":231,"column":5}},"type":"if","locations":[{"start":{"line":225,"column":4},"end":{"line":231,"column":5}},{"start":{},"end":{}}],"line":225},"19":{"loc":{"start":{"line":229,"column":15},"end":{"line":229,"column":81}},"type":"cond-expr","locations":[{"start":{"line":229,"column":56},"end":{"line":229,"column":69}},{"start":{"line":229,"column":72},"end":{"line":229,"column":81}}],"line":229},"20":{"loc":{"start":{"line":236,"column":13},"end":{"line":236,"column":79}},"type":"cond-expr","locations":[{"start":{"line":236,"column":54},"end":{"line":236,"column":67}},{"start":{"line":236,"column":70},"end":{"line":236,"column":79}}],"line":236},"21":{"loc":{"start":{"line":242,"column":73},"end":{"line":242,"column":89}},"type":"default-arg","locations":[{"start":{"line":242,"column":87},"end":{"line":242,"column":89}}],"line":242},"22":{"loc":{"start":{"line":272,"column":18},"end":{"line":272,"column":36}},"type":"binary-expr","locations":[{"start":{"line":272,"column":18},"end":{"line":272,"column":30}},{"start":{"line":272,"column":34},"end":{"line":272,"column":36}}],"line":272},"23":{"loc":{"start":{"line":292,"column":6},"end":{"line":292,"column":24}},"type":"if","locations":[{"start":{"line":292,"column":6},"end":{"line":292,"column":24}},{"start":{},"end":{}}],"line":292},"24":{"loc":{"start":{"line":293,"column":41},"end":{"line":293,"column":73}},"type":"binary-expr","locations":[{"start":{"line":293,"column":41},"end":{"line":293,"column":57}},{"start":{"line":293,"column":61},"end":{"line":293,"column":73}}],"line":293},"25":{"loc":{"start":{"line":294,"column":6},"end":{"line":294,"column":57}},"type":"if","locations":[{"start":{"line":294,"column":6},"end":{"line":294,"column":57}},{"start":{},"end":{}}],"line":294},"26":{"loc":{"start":{"line":300,"column":8},"end":{"line":302,"column":9}},"type":"if","locations":[{"start":{"line":300,"column":8},"end":{"line":302,"column":9}},{"start":{},"end":{}}],"line":300},"27":{"loc":{"start":{"line":300,"column":12},"end":{"line":300,"column":75}},"type":"binary-expr","locations":[{"start":{"line":300,"column":12},"end":{"line":300,"column":32}},{"start":{"line":300,"column":36},"end":{"line":300,"column":51}},{"start":{"line":300,"column":55},"end":{"line":300,"column":75}}],"line":300},"28":{"loc":{"start":{"line":305,"column":4},"end":{"line":305,"column":55}},"type":"if","locations":[{"start":{"line":305,"column":4},"end":{"line":305,"column":55}},{"start":{},"end":{}}],"line":305},"29":{"loc":{"start":{"line":306,"column":4},"end":{"line":306,"column":56}},"type":"if","locations":[{"start":{"line":306,"column":4},"end":{"line":306,"column":56}},{"start":{},"end":{}}],"line":306},"30":{"loc":{"start":{"line":309,"column":6},"end":{"line":309,"column":89}},"type":"if","locations":[{"start":{"line":309,"column":6},"end":{"line":309,"column":89}},{"start":{},"end":{}}],"line":309},"31":{"loc":{"start":{"line":309,"column":10},"end":{"line":309,"column":49}},"type":"binary-expr","locations":[{"start":{"line":309,"column":10},"end":{"line":309,"column":25}},{"start":{"line":309,"column":29},"end":{"line":309,"column":49}}],"line":309},"32":{"loc":{"start":{"line":311,"column":11},"end":{"line":311,"column":48}},"type":"cond-expr","locations":[{"start":{"line":311,"column":35},"end":{"line":311,"column":41}},{"start":{"line":311,"column":44},"end":{"line":311,"column":48}}],"line":311},"33":{"loc":{"start":{"line":322,"column":4},"end":{"line":329,"column":5}},"type":"if","locations":[{"start":{"line":322,"column":4},"end":{"line":329,"column":5}},{"start":{},"end":{}}],"line":322},"34":{"loc":{"start":{"line":324,"column":6},"end":{"line":328,"column":7}},"type":"if","locations":[{"start":{"line":324,"column":6},"end":{"line":328,"column":7}},{"start":{},"end":{}}],"line":324},"35":{"loc":{"start":{"line":339,"column":6},"end":{"line":339,"column":44}},"type":"if","locations":[{"start":{"line":339,"column":6},"end":{"line":339,"column":44}},{"start":{},"end":{}}],"line":339},"36":{"loc":{"start":{"line":341,"column":4},"end":{"line":344,"column":5}},"type":"if","locations":[{"start":{"line":341,"column":4},"end":{"line":344,"column":5}},{"start":{},"end":{}}],"line":341},"37":{"loc":{"start":{"line":343,"column":6},"end":{"line":343,"column":115}},"type":"if","locations":[{"start":{"line":343,"column":6},"end":{"line":343,"column":115}},{"start":{},"end":{}}],"line":343},"38":{"loc":{"start":{"line":349,"column":17},"end":{"line":349,"column":100}},"type":"binary-expr","locations":[{"start":{"line":349,"column":17},"end":{"line":349,"column":68}},{"start":{"line":349,"column":72},"end":{"line":349,"column":100}}],"line":349},"39":{"loc":{"start":{"line":357,"column":12},"end":{"line":357,"column":20}},"type":"default-arg","locations":[{"start":{"line":357,"column":19},"end":{"line":357,"column":20}}],"line":357},"40":{"loc":{"start":{"line":357,"column":22},"end":{"line":357,"column":32}},"type":"default-arg","locations":[{"start":{"line":357,"column":30},"end":{"line":357,"column":32}}],"line":357},"41":{"loc":{"start":{"line":361,"column":4},"end":{"line":363,"column":5}},"type":"if","locations":[{"start":{"line":361,"column":4},"end":{"line":363,"column":5}},{"start":{},"end":{}}],"line":361},"42":{"loc":{"start":{"line":378,"column":27},"end":{"line":378,"column":70}},"type":"binary-expr","locations":[{"start":{"line":378,"column":27},"end":{"line":378,"column":58}},{"start":{"line":378,"column":62},"end":{"line":378,"column":70}}],"line":378},"43":{"loc":{"start":{"line":380,"column":6},"end":{"line":393,"column":7}},"type":"if","locations":[{"start":{"line":380,"column":6},"end":{"line":393,"column":7}},{"start":{},"end":{}}],"line":380},"44":{"loc":{"start":{"line":380,"column":10},"end":{"line":380,"column":56}},"type":"binary-expr","locations":[{"start":{"line":380,"column":10},"end":{"line":380,"column":33}},{"start":{"line":380,"column":37},"end":{"line":380,"column":56}}],"line":380},"45":{"loc":{"start":{"line":383,"column":10},"end":{"line":388,"column":11}},"type":"if","locations":[{"start":{"line":383,"column":10},"end":{"line":388,"column":11}},{"start":{},"end":{}}],"line":383},"46":{"loc":{"start":{"line":385,"column":31},"end":{"line":385,"column":40}},"type":"binary-expr","locations":[{"start":{"line":385,"column":31},"end":{"line":385,"column":33}},{"start":{"line":385,"column":37},"end":{"line":385,"column":40}}],"line":385},"47":{"loc":{"start":{"line":386,"column":31},"end":{"line":386,"column":40}},"type":"binary-expr","locations":[{"start":{"line":386,"column":31},"end":{"line":386,"column":33}},{"start":{"line":386,"column":37},"end":{"line":386,"column":40}}],"line":386},"48":{"loc":{"start":{"line":389,"column":10},"end":{"line":391,"column":11}},"type":"if","locations":[{"start":{"line":389,"column":10},"end":{"line":391,"column":11}},{"start":{},"end":{}}],"line":389},"49":{"loc":{"start":{"line":394,"column":6},"end":{"line":416,"column":7}},"type":"if","locations":[{"start":{"line":394,"column":6},"end":{"line":416,"column":7}},{"start":{},"end":{}}],"line":394},"50":{"loc":{"start":{"line":394,"column":10},"end":{"line":394,"column":54}},"type":"binary-expr","locations":[{"start":{"line":394,"column":10},"end":{"line":394,"column":35}},{"start":{"line":394,"column":39},"end":{"line":394,"column":54}}],"line":394},"51":{"loc":{"start":{"line":397,"column":10},"end":{"line":414,"column":11}},"type":"if","locations":[{"start":{"line":397,"column":10},"end":{"line":414,"column":11}},{"start":{},"end":{}}],"line":397},"52":{"loc":{"start":{"line":399,"column":12},"end":{"line":412,"column":13}},"type":"if","locations":[{"start":{"line":399,"column":12},"end":{"line":412,"column":13}},{"start":{},"end":{}}],"line":399},"53":{"loc":{"start":{"line":399,"column":16},"end":{"line":399,"column":63}},"type":"binary-expr","locations":[{"start":{"line":399,"column":16},"end":{"line":399,"column":32}},{"start":{"line":399,"column":36},"end":{"line":399,"column":63}}],"line":399},"54":{"loc":{"start":{"line":402,"column":35},"end":{"line":402,"column":55}},"type":"binary-expr","locations":[{"start":{"line":402,"column":35},"end":{"line":402,"column":50}},{"start":{"line":402,"column":54},"end":{"line":402,"column":55}}],"line":402},"55":{"loc":{"start":{"line":407,"column":18},"end":{"line":409,"column":19}},"type":"if","locations":[{"start":{"line":407,"column":18},"end":{"line":409,"column":19}},{"start":{},"end":{}}],"line":407},"56":{"loc":{"start":{"line":418,"column":4},"end":{"line":418,"column":55}},"type":"if","locations":[{"start":{"line":418,"column":4},"end":{"line":418,"column":55}},{"start":{},"end":{}}],"line":418},"57":{"loc":{"start":{"line":438,"column":13},"end":{"line":438,"column":79}},"type":"cond-expr","locations":[{"start":{"line":438,"column":54},"end":{"line":438,"column":67}},{"start":{"line":438,"column":70},"end":{"line":438,"column":79}}],"line":438},"58":{"loc":{"start":{"line":459,"column":4},"end":{"line":464,"column":5}},"type":"if","locations":[{"start":{"line":459,"column":4},"end":{"line":464,"column":5}},{"start":{},"end":{}}],"line":459},"59":{"loc":{"start":{"line":476,"column":13},"end":{"line":476,"column":79}},"type":"cond-expr","locations":[{"start":{"line":476,"column":54},"end":{"line":476,"column":67}},{"start":{"line":476,"column":70},"end":{"line":476,"column":79}}],"line":476},"60":{"loc":{"start":{"line":510,"column":27},"end":{"line":515,"column":15}},"type":"cond-expr","locations":[{"start":{"line":510,"column":35},"end":{"line":515,"column":5}},{"start":{"line":515,"column":8},"end":{"line":515,"column":15}}],"line":510},"61":{"loc":{"start":{"line":517,"column":4},"end":{"line":523,"column":5}},"type":"if","locations":[{"start":{"line":517,"column":4},"end":{"line":523,"column":5}},{"start":{},"end":{}}],"line":517},"62":{"loc":{"start":{"line":525,"column":4},"end":{"line":531,"column":5}},"type":"if","locations":[{"start":{"line":525,"column":4},"end":{"line":531,"column":5}},{"start":{},"end":{}}],"line":525},"63":{"loc":{"start":{"line":525,"column":8},"end":{"line":525,"column":60}},"type":"binary-expr","locations":[{"start":{"line":525,"column":8},"end":{"line":525,"column":33}},{"start":{"line":525,"column":37},"end":{"line":525,"column":60}}],"line":525},"64":{"loc":{"start":{"line":535,"column":4},"end":{"line":557,"column":5}},"type":"if","locations":[{"start":{"line":535,"column":4},"end":{"line":557,"column":5}},{"start":{},"end":{}}],"line":535},"65":{"loc":{"start":{"line":535,"column":8},"end":{"line":535,"column":55}},"type":"binary-expr","locations":[{"start":{"line":535,"column":8},"end":{"line":535,"column":24}},{"start":{"line":535,"column":28},"end":{"line":535,"column":55}}],"line":535},"66":{"loc":{"start":{"line":538,"column":27},"end":{"line":538,"column":47}},"type":"binary-expr","locations":[{"start":{"line":538,"column":27},"end":{"line":538,"column":42}},{"start":{"line":538,"column":46},"end":{"line":538,"column":47}}],"line":538},"67":{"loc":{"start":{"line":551,"column":8},"end":{"line":555,"column":9}},"type":"if","locations":[{"start":{"line":551,"column":8},"end":{"line":555,"column":9}},{"start":{},"end":{}}],"line":551},"68":{"loc":{"start":{"line":577,"column":13},"end":{"line":577,"column":79}},"type":"cond-expr","locations":[{"start":{"line":577,"column":54},"end":{"line":577,"column":67}},{"start":{"line":577,"column":70},"end":{"line":577,"column":79}}],"line":577},"69":{"loc":{"start":{"line":599,"column":4},"end":{"line":605,"column":5}},"type":"if","locations":[{"start":{"line":599,"column":4},"end":{"line":605,"column":5}},{"start":{},"end":{}}],"line":599},"70":{"loc":{"start":{"line":608,"column":4},"end":{"line":614,"column":5}},"type":"if","locations":[{"start":{"line":608,"column":4},"end":{"line":614,"column":5}},{"start":{},"end":{}}],"line":608},"71":{"loc":{"start":{"line":608,"column":8},"end":{"line":608,"column":67}},"type":"binary-expr","locations":[{"start":{"line":608,"column":8},"end":{"line":608,"column":36}},{"start":{"line":608,"column":40},"end":{"line":608,"column":67}}],"line":608},"72":{"loc":{"start":{"line":618,"column":4},"end":{"line":618,"column":64}},"type":"if","locations":[{"start":{"line":618,"column":4},"end":{"line":618,"column":64}},{"start":{},"end":{}}],"line":618},"73":{"loc":{"start":{"line":619,"column":4},"end":{"line":619,"column":68}},"type":"if","locations":[{"start":{"line":619,"column":4},"end":{"line":619,"column":68}},{"start":{},"end":{}}],"line":619},"74":{"loc":{"start":{"line":640,"column":13},"end":{"line":640,"column":79}},"type":"cond-expr","locations":[{"start":{"line":640,"column":54},"end":{"line":640,"column":67}},{"start":{"line":640,"column":70},"end":{"line":640,"column":79}}],"line":640}},"s":{"0":7,"1":7,"2":7,"3":7,"4":16,"5":16,"6":16,"7":16,"8":0,"9":16,"10":16,"11":0,"12":16,"13":16,"14":0,"15":16,"16":16,"17":16,"18":147,"19":16,"20":16,"21":16,"22":0,"23":0,"24":16,"25":0,"26":0,"27":16,"28":16,"29":0,"30":0,"31":16,"32":16,"33":16,"34":16,"35":16,"36":16,"37":16,"38":16,"39":147,"40":147,"41":147,"42":16,"43":16,"44":16,"45":147,"46":147,"47":16,"48":16,"49":147,"50":16,"51":16,"52":147,"53":147,"54":147,"55":0,"56":0,"57":147,"58":147,"59":147,"60":16,"61":16,"62":16,"63":0,"64":0,"65":0,"66":0,"67":0,"68":0,"69":0,"70":0,"71":7,"72":16,"73":16,"74":676,"75":16,"76":16,"77":128,"78":16,"79":256,"80":16,"81":16,"82":128,"83":2048,"84":10240,"85":16,"86":16,"87":16,"88":10240,"89":10240,"90":10240,"91":10240,"92":16,"93":2048,"94":4096,"95":2048,"96":8192,"97":2048,"98":16,"99":16,"100":16,"101":16,"102":16,"103":16,"104":147,"105":137,"106":10,"107":40,"108":10,"109":6,"110":6,"111":16,"112":24,"113":336,"114":336,"115":141,"116":141,"117":16,"118":15,"119":16,"120":9,"121":16,"122":188,"123":0,"124":0,"125":16,"126":16,"127":16,"128":16,"129":16,"130":16,"131":1050,"132":5250,"133":4638,"134":1050,"135":8,"136":8,"137":8,"138":8,"139":19,"140":19,"141":8,"142":8,"143":12,"144":1536,"145":12,"146":12,"147":140,"148":700,"149":172,"150":140,"151":140,"152":8,"153":12,"154":8,"155":8,"156":8,"157":8,"158":128,"159":128,"160":8,"161":0,"162":0,"163":0,"164":0,"165":0,"166":0,"167":0,"168":0,"169":0,"17
[...]
,"E:\\sync\\courses\\CS3604\\12306\\backend\\src\\utils\\validation.js": {"path":"E:\\sync\\courses\\CS3604\\12306\\backend\\src\\utils\\validation.js","statementMap":{"0":{"start":{"line":2,"column":25},"end":{"line":16,"column":1}},"1":{"start":{"line":3,"column":2},"end":{"line":5,"column":3}},"2":{"start":{"line":4,"column":4},"end":{"line":4,"column":50}},"3":{"start":{"line":7,"column":2},"end":{"line":9,"column":3}},"4":{"start":{"line":8,"column":4},"end":{"line":8,"column":58}},"5":{"start":{"line":11,"column":2},"end":{"line":13,"column":3}},"6":{"start":{"line":12,"column":4},"end":{"line":12,"column":70}},"7":{"start":{"line":15,"column":2},"end":{"line":15,"column":27}},"8":{"start":{"line":19,"column":25},"end":{"line":29,"column":1}},"9":{"start":{"line":20,"column":2},"end":{"line":22,"column":3}},"10":{"start":{"line":21,"column":4},"end":{"line":21,"column":49}},"11":{"start":{"line":24,"column":2},"end":{"line":26,"column":3}},"12":{"start":{"line":25,"column":4},"end":{"line":25,"column":51}},"13":{"start":{"line":28,"column":2},"end":{"line":28,"column":27}},"14":{"start":{"line":32,"column":25},"end":{"line":47,"column":1}},"15":{"start":{"line":33,"column":2},"end":{"line":35,"column":3}},"16":{"start":{"line":34,"column":4},"end":{"line":34,"column":51}},"17":{"start":{"line":37,"column":2},"end":{"line":39,"column":3}},"18":{"start":{"line":38,"column":4},"end":{"line":38,"column":59}},"19":{"start":{"line":42,"column":2},"end":{"line":44,"column":3}},"20":{"start":{"line":43,"column":4},"end":{"line":43,"column":53}},"21":{"start":{"line":46,"column":2},"end":{"line":46,"column":27}},"22":{"start":{"line":50,"column":25},"end":{"line":77,"column":1}},"23":{"start":{"line":51,"column":2},"end":{"line":53,"column":3}},"24":{"start":{"line":52,"column":4},"end":{"line":52,"column":51}},"25":{"start":{"line":56,"column":2},"end":{"line":74,"column":3}},"26":{"start":{"line":57,"column":4},"end":{"line":59,"column":5}},"27":{"start":{"line":58,"column":6},"end":{"line":58,"column":56}},"28":{"start":{"line":62,"column":20},"end":{"line":62,"column":73}},"29":{"start":{"line":63,"column":23},"end":{"line":63,"column":78}},"30":{"start":{"line":65,"column":14},"end":{"line":65,"column":15}},"31":{"start":{"line":66,"column":4},"end":{"line":68,"column":5}},"32":{"start":{"line":66,"column":17},"end":{"line":66,"column":18}},"33":{"start":{"line":67,"column":6},"end":{"line":67,"column":48}},"34":{"start":{"line":70,"column":22},"end":{"line":70,"column":42}},"35":{"start":{"line":71,"column":4},"end":{"line":73,"column":5}},"36":{"start":{"line":72,"column":6},"end":{"line":72,"column":54}},"37":{"start":{"line":76,"column":2},"end":{"line":76,"column":27}},"38":{"start":{"line":80,"column":28},"end":{"line":91,"column":1}},"39":{"start":{"line":81,"column":2},"end":{"line":83,"column":3}},"40":{"start":{"line":82,"column":4},"end":{"line":82,"column":50}},"41":{"start":{"line":84,"column":21},"end":{"line":84,"column":39}},"42":{"start":{"line":85,"column":15},"end":{"line":85,"column":35}},"43":{"start":{"line":86,"column":13},"end":{"line":86,"column":28}},"44":{"start":{"line":87,"column":2},"end":{"line":89,"column":3}},"45":{"start":{"line":88,"column":4},"end":{"line":88,"column":53}},"46":{"start":{"line":90,"column":2},"end":{"line":90,"column":27}},"47":{"start":{"line":94,"column":22},"end":{"line":109,"column":1}},"48":{"start":{"line":95,"column":2},"end":{"line":97,"column":3}},"49":{"start":{"line":96,"column":4},"end":{"line":96,"column":29}},"50":{"start":{"line":99,"column":2},"end":{"line":101,"column":3}},"51":{"start":{"line":100,"column":4},"end":{"line":100,"column":50}},"52":{"start":{"line":103,"column":21},"end":{"line":103,"column":49}},"53":{"start":{"line":104,"column":2},"end":{"line":106,"column":3}},"54":{"start":{"line":105,"column":4},"end":{"line":105,"column":53}},"55":{"start":{"line":108,"column":2},"end":{"line":108,"column":27}},"56":{"start":{"line":112,"column":29},"end":{"line":156,"column":1}},"57":{"start":{"line":113,"column":2},"end":{"line":115,"column":3}},"58":{"start":{"line":114,"column":4},"end":{"line":114,"column":41}},"59":{"start":{"line":116,"column":17},"end":{"line":116,"column":19}},"60":{"start":{"line":118,"column":29},"end":{"line":118,"column":60}},"61":{"start":{"line":119,"column":2},"end":{"line":121,"column":3}},"62":{"start":{"line":120,"column":4},"end":{"line":120,"column":49}},"63":{"start":{"line":123,"column":29},"end":{"line":123,"column":60}},"64":{"start":{"line":124,"column":2},"end":{"line":126,"column":3}},"65":{"start":{"line":125,"column":4},"end":{"line":125,"column":49}},"66":{"start":{"line":128,"column":2},"end":{"line":130,"column":3}},"67":{"start":{"line":129,"column":4},"end":{"line":129,"column":42}},"68":{"start":{"line":132,"column":29},"end":{"line":132,"column":60}},"69":{"start":{"line":133,"column":2},"end":{"line":135,"column":3}},"70":{"start":{"line":134,"column":4},"end":{"line":134,"column":49}},"71":{"start":{"line":137,"column":29},"end":{"line":137,"column":73}},"72":{"start":{"line":138,"column":2},"end":{"line":140,"column":3}},"73":{"start":{"line":139,"column":4},"end":{"line":139,"column":49}},"74":{"start":{"line":142,"column":26},"end":{"line":142,"column":63}},"75":{"start":{"line":143,"column":2},"end":{"line":145,"column":3}},"76":{"start":{"line":144,"column":4},"end":{"line":144,"column":49}},"77":{"start":{"line":147,"column":26},"end":{"line":147,"column":51}},"78":{"start":{"line":148,"column":2},"end":{"line":150,"column":3}},"79":{"start":{"line":149,"column":4},"end":{"line":149,"column":43}},"80":{"start":{"line":152,"column":2},"end":{"line":155,"column":4}},"81":{"start":{"line":159,"column":30},"end":{"line":190,"column":1}},"82":{"start":{"line":161,"column":2},"end":{"line":163,"column":3}},"83":{"start":{"line":162,"column":4},"end":{"line":162,"column":41}},"84":{"start":{"line":165,"column":17},"end":{"line":165,"column":19}},"85":{"start":{"line":167,"column":25},"end":{"line":167,"column":52}},"86":{"start":{"line":168,"column":2},"end":{"line":170,"column":3}},"87":{"start":{"line":169,"column":4},"end":{"line":169,"column":40}},"88":{"start":{"line":172,"column":27},"end":{"line":172,"column":56}},"89":{"start":{"line":173,"column":2},"end":{"line":175,"column":3}},"90":{"start":{"line":174,"column":4},"end":{"line":174,"column":42}},"91":{"start":{"line":177,"column":26},"end":{"line":177,"column":57}},"92":{"start":{"line":178,"column":2},"end":{"line":180,"column":3}},"93":{"start":{"line":179,"column":4},"end":{"line":179,"column":41}},"94":{"start":{"line":182,"column":2},"end":{"line":184,"column":3}},"95":{"start":{"line":183,"column":4},"end":{"line":183,"column":31}},"96":{"start":{"line":186,"column":2},"end":{"line":189,"column":4}},"97":{"start":{"line":192,"column":0},"end":{"line":201,"column":2}}},"fnMap":{"0":{"name":"(anonymous_0)","decl":{"start":{"line":2,"column":25},"end":{"line":2,"column":26}},"loc":{"start":{"line":2,"column":39},"end":{"line":16,"column":1}},"line":2},"1":{"name":"(anonymous_1)","decl":{"start":{"line":19,"column":25},"end":{"line":19,"column":26}},"loc":{"start":{"line":19,"column":39},"end":{"line":29,"column":1}},"line":19},"2":{"name":"(anonymous_2)","decl":{"start":{"line":32,"column":25},"end":{"line":32,"column":26}},"loc":{"start":{"line":32,"column":39},"end":{"line":47,"column":1}},"line":32},"3":{"name":"(anonymous_3)","decl":{"start":{"line":50,"column":25},"end":{"line":50,"column":26}},"loc":{"start":{"line":50,"column":53},"end":{"line":77,"column":1}},"line":50},"4":{"name":"(anonymous_4)","decl":{"start":{"line":80,"column":28},"end":{"line":80,"column":29}},"loc":{"start":{"line":80,"column":45},"end":{"line":91,"column":1}},"line":80},"5":{"name":"(anonymous_5)","decl":{"start":{"line":94,"column":22},"end":{"line":94,"column":23}},"loc":{"start":{"line":94,"column":33},"end":{"line":109,"column":1}},"line":94},"6":{"name":"(anonymous_6)","decl":{"start":{"line":112,"column":29},"end":{"line":112,"column":30}},"loc":{"start":{"line":112,"column":39},"end":{"line":156,"column":1}},"line":112},"7":{"name":"(anonymous_7)","decl":{"start":{"line":159,"column":30},"end":{"line":159,"column":31}},"loc":{"start":{"line":159,"column":40},"end":{"line":190,"column":1}},"line":159}},"branchMap":{"0":{"loc":{"start":{"line":3,"column":2},"end":{"line":5,"column":3}},"type":"if","locations":[{"start":{"line":3,"column":2},"end":{"line":5,"column":3}},{"start":{},"end":{}}],"line":3},"1":{"loc":{"start":{"line":3,"column":6},"end":{"line":3,"column":47}},"type":"binary-expr","locations":[{"start":{"line":3,"column":6},"end":{"line":3,"column":15}},{"start":{"line":3,"column":19},"end":{"line":3,"column":47}}],"line":3},"2":{"loc":{"start":{"line":7,"column":2},"end":{"line":9,"column":3}},"type":"if","locations":[{"start":{"line":7,"column":2},"end":{"line":9,"column":3}},{"start":{},"end":{}}],"line":7},"3":{"loc":{"start":{"line":7,"column":6},"end":{"line":7,"column":49}},"type":"binary-expr","locations":[{"start":{"line":7,"column":6},"end":{"line":7,"column":25}},{"start":{"line":7,"column":29},"end":{"line":7,"column":49}}],"line":7},"4":{"loc":{"start":{"line":11,"column":2},"end":{"line":13,"column":3}},"type":"if","locations":[{"start":{"line":11,"column":2},"end":{"line":13,"column":3}},{"start":{},"end":{}}],"line":11},"5":{"loc":{"start":{"line":20,"column":2},"end":{"line":22,"column":3}},"type":"if","locations":[{"start":{"line":20,"column":2},"end":{"line":22,"column":3}},{"start":{},"end":{}}],"line":20},"6":{"loc":{"start":{"line":20,"column":6},"end":{"line":20,"column":47}},"type":"binary-expr","locations":[{"start":{"line":20,"column":6},"end":{"line":20,"column":15}},{"start":{"line":20,"column":19},"end":{"line":20,"column":47}}],"line":20},"7":{"loc":{"start":{"line":24,"column":2},"end":{"line":26,"column":3}},"type":"if","locations":[{"start":{"line":24,"column":2},"end":{"line":26,"column":3}},{"start":{},"end":{}}],"line":24},"8":{"loc":{"start":{"line":33,"column":2},"end":{"line":35,"column":3}},"type":"if","locations":[{"start":{"line":33,"column":2},"end":{"line":35,"column":3}},{"start":{},"end":{}}],"line":33},"9":{"loc":{"start":{"line":33,"column":6},"end":{"line":33,"column":47}},"type":"binary-expr","locations":[{"start":{"line":33,"column":6},"end":{"line":33,"column":15}},{"start":{"line":33,"column":19},"end":{"line":33,"column":47}}],"line":33},"10":{"loc":{"start":{"line":37,"column":2},"end":{"line":39,"column":3}},"type":"if","locations":[{"start":{"line":37,"column":2},"end":{"line":39,"column":3}},{"start":{},"end":{}}],"line":37},"11":{"loc":{"start":{"line":37,"column":6},"end":{"line":37,"column":49}},"type":"binary-expr","locations":[{"start":{"line":37,"column":6},"end":{"line":37,"column":25}},{"start":{"line":37,"column":29},"end":{"line":37,"column":49}}],"line":37},"12":{"loc":{"start":{"line":42,"column":2},"end":{"line":44,"column":3}},"type":"if","locations":[{"start":{"line":42,"column":2},"end":{"line":44,"column":3}},{"start":{},"end":{}}],"line":42},"13":{"loc":{"start":{"line":50,"column":36},"end":{"line":50,"column":48}},"type":"default-arg","locations":[{"start":{"line":50,"column":45},"end":{"line":50,"column":48}}],"line":50},"14":{"loc":{"start":{"line":51,"column":2},"end":{"line":53,"column":3}},"type":"if","locations":[{"start":{"line":51,"column":2},"end":{"line":53,"column":3}},{"start":{},"end":{}}],"line":51},"15":{"loc":{"start":{"line":51,"column":6},"end":{"line":51,"column":47}},"type":"binary-expr","locations":[{"start":{"line":51,"column":6},"end":{"line":51,"column":15}},{"start":{"line":51,"column":19},"end":{"line":51,"column":47}}],"line":51},"16":{"loc":{"start":{"line":56,"column":2},"end":{"line":74,"column":3}},"type":"if","locations":[{"start":{"line":56,"column":2},"end":{"line":74,"column":3}},{"start":{},"end":{}}],"line":56},"17":{"loc":{"start":{"line":57,"column":4},"end":{"line":59,"column":5}},"type":"if","locations":[{"start":{"line":57,"column":4},"end":{"line":59,"column":5}},{"start":{},"end":{}}],"line":57},"18":{"loc":{"start":{"line":71,"column":4},"end":{"line":73,"column":5}},"type":"if","locations":[{"start":{"line":71,"column":4},"end":{"line":73,"column":5}},{"start":{},"end":{}}],"line":71},"19":{"loc":{"start":{"line":81,"column":2},"end":{"line":83,"column":3}},"type":"if","locations":[{"start":{"line":81,"column":2},"end":{"line":83,"column":3}},{"start":{},"end":{}}],"line":81},"20":{"loc":{"start":{"line":81,"column":6},"end":{"line":81,"column":53}},"type":"binary-expr","locations":[{"start":{"line":81,"column":6},"end":{"line":81,"column":18}},{"start":{"line":81,"column":22},"end":{"line":81,"column":53}}],"line":81},"21":{"loc":{"start":{"line":87,"column":2},"end":{"line":89,"column":3}},"type":"if","locations":[{"start":{"line":87,"column":2},"end":{"line":89,"column":3}},{"start":{},"end":{}}],"line":87},"22":{"loc":{"start":{"line":87,"column":6},"end":{"line":87,"column":52}},"type":"binary-expr","locations":[{"start":{"line":87,"column":6},"end":{"line":87,"column":28}},{"start":{"line":87,"column":32},"end":{"line":87,"column":52}}],"line":87},"23":{"loc":{"start":{"line":95,"column":2},"end":{"line":97,"column":3}},"type":"if","locations":[{"start":{"line":95,"column":2},"end":{"line":97,"column":3}},{"start":{},"end":{}}],"line":95},"24":{"loc":{"start":{"line":99,"column":2},"end":{"line":101,"column":3}},"type":"if","locations":[{"start":{"line":99,"column":2},"end":{"line":101,"column":3}},{"start":{},"end":{}}],"line":99},"25":{"loc":{"start":{"line":104,"column":2},"end":{"line":106,"column":3}},"type":"if","locations":[{"start":{"line":104,"column":2},"end":{"line":106,"column":3}},{"start":{},"end":{}}],"line":104},"26":{"loc":{"start":{"line":113,"column":2},"end":{"line":115,"column":3}},"type":"if","locations":[{"start":{"line":113,"column":2},"end":{"line":115,"column":3}},{"start":{},"end":{}}],"line":113},"27":{"loc":{"start":{"line":113,"column":6},"end":{"line":113,"column":79}},"type":"binary-expr","locations":[{"start":{"line":113,"column":6},"end":{"line":113,"column":44}},{"start":{"line":113,"column":48},"end":{"line":113,"column":79}}],"line":113},"28":{"loc":{"start":{"line":119,"column":2},"end":{"line":121,"column":3}},"type":"if","locations":[{"start":{"line":119,"column":2},"end":{"line":121,"column":3}},{"start":{},"end":{}}],"line":119},"29":{"loc":{"start":{"line":124,"column":2},"end":{"line":126,"column":3}},"type":"if","locations":[{"start":{"line":124,"column":2},"end":{"line":126,"column":3}},{"start":{},"end":{}}],"line":124},"30":{"loc":{"start":{"line":128,"column":2},"end":{"line":130,"column":3}},"type":"if","locations":[{"start":{"line":128,"column":2},"end":{"line":130,"column":3}},{"start":{},"end":{}}],"line":128},"31":{"loc":{"start":{"line":133,"column":2},"end":{"line":135,"column":3}},"type":"if","locations":[{"start":{"line":133,"column":2},"end":{"line":135,"column":3}},{"start":{},"end":{}}],"line":133},"32":{"loc":{"start":{"line":138,"column":2},"end":{"line":140,"column":3}},"type":"if","locations":[{"start":{"line":138,"column":2},"end":{"line":140,"column":3}},{"start":{},"end":{}}],"line":138},"33":{"loc":{"start":{"line":143,"column":2},"end":{"line":145,"column":3}},"type":"if","locations":[{"start":{"line":143,"column":2},"end":{"line":145,"column":3}},{"start":{},"end":{}}],"line":143},"34":{"loc":{"start":{"line":148,"column":2},"end":{"line":150,"column":3}},"type":"if","locations":[{"start":{"line":148,"column":2},"end":{"line":150,"column":3}},{"start":{},"end":{}}],"line":148},"35":{"loc":{"start":{"line":161,"column":2},"end":{"line":163,"column":3}},"type":"if","locations":[{"start":{"line":161,"column":2},"end":{"line":163,"column":3}},{"start":{},"end":{}}],"line":161},"36":{"loc":{"start":{"line":161,"column":6},"end":{"line":161,"column":79}},"type":"binary-expr","locations":[{"start":{"line":161,"column":6},"end":{"line":161,"column":44}},{"start":{"line":161,"column":48},"end":{"line":161,"column":79}}],"line":161},"37":{"loc":{"start":{"line":168,"column":2},"end":{"line":170,"column":3}},"type":"if","locations":[{"start":{"line":168,"column":2},"end":{"line":170,"column":3}},{"start":{},"end":{}}],"line":168},"38":{"loc":{"start":{"line":173,"column":2},"end":{"line":175,"column":3}},"type":"if","locations":[{"start":{"line":173,"column":2},"end":{"line":175,"column":3}},{"start":{},"end":{}}],"line":173},"39":{"loc":{"start":{"line":178,"column":2},"end":{"line":180,"column":3}},"type":"if","locations":[{"start":{"line":178,"column":2},"end":{"line":180,"column":3}},{"start":{},"end":{}}],"line":178},"40":{"loc":{"start":{"line":182,"column":2},"end":{"line":184,"column":3}},"type":"if","locations":[{"start":{"line":182,"column":2},"end":{"line":184,"column":3}},{"start":{},"end":{}}],"line":182},"41":{"loc":{"start":{"line":182,"column":6},"end":{"line":182,"column":77}},"type":"binary-expr","locations":[{"start":{"line":182,"column":6},"end":{"line":182,"column":25}},{"start":{"line":182,"column":29},"end":{"line":182,"column":77}}],"line":182}},"s":{"0":8,"1":5,"2":0,"3":5,"4":1,"5":4,"6":1,"7":3,"8":8,"9":4,"10":0,"11":4,"12":1,"13":3,"14":8,"15":6,"16":0,"17":6,"18":0,"19":6,"20":1,"21":5,"22":8,"23":6,"24":0,"25":6,"26":6,"27":1,"28":5,"29":5,"30":5,"31":5,"32":5,"33":85,"34":5,"35":5,"36":1,"37":4,"38":8,"39":7,"40":0,"41":7,"42":7,"43":7,"44":7,"45":1,"46":6,"47":8,"48":6,"49":0,"50":6,"51":0,"52":6,"53":6,"54":1,"55":5,"56":8,"57":7,"58":5,"59":2,"60":2,"61":2,"62":0,"63":2,"64":2,"65":0,"66":2,"67":1,"68":2,"69":2,"70":0,"71":2,"72":2,"73":0,"74":2,"75":2,"76":0,"77":2,"78":2,"79":0,"80":2,"81":8,"82":4,"83":2,"84":2,"85":2,"86":2,"87":0,"88":2,"89":2,"90":1,"91":2,"92":2,"93":0,"94":2,"95":0,"96":2,"97":8},"f":{"0":5,"1":4,"2":6,"3":6,"4":7,"5":6,"6":7,"7":4},"b":{"0":[0,5],"1":[5,5],"2":[1,4],"3":[5,4],"4":[1,3],"5":[0,4],"6":[4,4],"7":[1,3],"8":[0,6],"9":[6,6],"10":[0,6],"11":[6,6],"12":[1,5],"13":[2],"14":[0,6],"15":[6,6],"16":[6,0],"17":[1,5],"18":[1,4],"19":[0,7],"20":[7,7],"21":[1,6],"22":[7,1],"23":[0,6],"24":[0,6],"25":[1,5],"26":[5,2],"27":[7,7],"28":[0,2],"29":[0,2],"30":[1,1],"31":[0,2],"32":[0,2],"33":[0,2],"34":[0,2],"35":[2,2],"36":[4,4],"37":[0,2],"38":[1,1],"39":[0,2],"40":[0,2],"41":[2,2]},"_coverageSchema":"1a1c01bbd47fc00a2c39e90264f33305004495a9","hash":"345051f5e3d1ea3b38d6c89d59b238c8a3bb70b8"}
}
