TN:
SF:src\app.js
FN:45,(anonymous_0)
FN:55,(anonymous_1)
FN:63,(anonymous_2)
FN:71,(anonymous_3)
FNF:4
FNH:0
FNDA:0,(anonymous_0)
FNDA:0,(anonymous_1)
FNDA:0,(anonymous_2)
FNDA:0,(anonymous_3)
DA:1,7
DA:2,7
DA:3,7
DA:4,7
DA:5,7
DA:6,7
DA:7,7
DA:10,7
DA:11,7
DA:12,7
DA:13,7
DA:14,7
DA:16,7
DA:17,7
DA:20,7
DA:21,7
DA:25,7
DA:26,7
DA:27,7
DA:29,7
DA:35,7
DA:38,7
DA:39,7
DA:40,7
DA:41,7
DA:42,7
DA:45,7
DA:46,0
DA:55,7
DA:56,0
DA:63,7
DA:64,0
DA:71,7
DA:72,0
DA:73,0
DA:79,7
LF:36
LH:31
BRDA:17,0,0,7
BRDA:17,0,1,0
BRDA:22,1,0,7
BRDA:22,1,1,0
BRDA:30,2,0,7
BRDA:30,2,1,7
BRDA:31,3,0,7
BRDA:31,3,1,7
BRDA:38,4,0,7
BRDA:38,4,1,0
BRDA:75,5,0,0
BRDA:75,5,1,0
BRF:12
BRH:7
end_of_record
TN:
SF:src\config\database.js
FN:31,(anonymous_0)
FNF:1
FNH:0
FNDA:0,(anonymous_0)
DA:1,7
DA:2,7
DA:4,7
DA:6,7
DA:7,0
DA:21,7
DA:31,7
DA:32,0
DA:33,0
DA:34,0
DA:36,0
DA:40,7
LF:12
LH:7
BRDA:4,0,0,7
BRDA:4,0,1,7
BRDA:6,1,0,0
BRDA:6,1,1,7
BRDA:8,2,0,0
BRDA:8,2,1,0
BRDA:9,3,0,0
BRDA:9,3,1,0
BRDA:10,4,0,0
BRDA:10,4,1,0
BRDA:12,5,0,0
BRDA:12,5,1,0
BRDA:13,6,0,0
BRDA:13,6,1,0
BRDA:15,7,0,0
BRDA:15,7,1,0
BRDA:23,8,0,7
BRDA:23,8,1,7
BRDA:24,9,0,0
BRDA:24,9,1,7
BRF:20
BRH:6
end_of_record
TN:
SF:src\controllers\authController.js
FN:10,(anonymous_0)
FN:192,(anonymous_1)
FN:281,(anonymous_2)
FN:329,(anonymous_3)
FN:372,(anonymous_4)
FN:391,(anonymous_5)
FNF:6
FNH:4
FNDA:5,(anonymous_0)
FNDA:4,(anonymous_1)
FNDA:2,(anonymous_2)
FNDA:2,(anonymous_3)
FNDA:0,(anonymous_4)
FNDA:0,(anonymous_5)
DA:1,7
DA:2,7
DA:3,7
DA:5,7
DA:6,7
DA:7,7
DA:10,7
DA:11,5
DA:23,5
DA:26,5
DA:37,5
DA:38,0
DA:46,5
DA:50,5
DA:51,0
DA:59,5
DA:63,5
DA:64,0
DA:72,5
DA:76,5
DA:77,0
DA:85,5
DA:86,0
DA:87,0
DA:88,0
DA:89,0
DA:90,0
DA:92,0
DA:94,0
DA:99,5
DA:102,5
DA:115,5
DA:116,5
DA:118,0
DA:122,5
DA:129,5
DA:143,5
DA:153,0
DA:155,0
DA:156,0
DA:157,0
DA:162,0
DA:168,0
DA:169,0
DA:170,0
DA:171,0
DA:172,0
DA:173,0
DA:174,0
DA:175,0
DA:176,0
DA:177,0
DA:183,0
DA:192,7
DA:193,4
DA:194,4
DA:197,4
DA:198,0
DA:205,4
DA:209,4
DA:210,0
DA:217,4
DA:219,4
DA:220,0
DA:227,4
DA:228,0
DA:235,4
DA:240,4
DA:247,4
DA:261,4
DA:271,0
DA:272,0
DA:281,7
DA:282,2
DA:283,2
DA:287,2
DA:288,0
DA:294,2
DA:309,2
DA:315,0
DA:316,0
DA:324,7
DA:330,2
DA:331,2
DA:333,2
DA:334,2
DA:335,2
DA:336,0
DA:340,2
DA:341,0
DA:342,0
DA:343,0
DA:346,0
DA:349,0
DA:350,0
DA:354,2
DA:355,2
DA:356,0
DA:359,2
DA:360,2
DA:361,2
DA:362,2
DA:364,2
DA:366,2
DA:368,0
DA:369,0
DA:373,0
DA:374,0
DA:375,0
DA:376,0
DA:378,0
DA:379,0
DA:380,0
DA:381,0
DA:382,0
DA:383,0
DA:384,0
DA:386,0
DA:388,0
DA:392,0
DA:393,0
DA:394,0
DA:395,0
DA:397,0
DA:398,0
DA:399,0
DA:400,0
DA:402,0
DA:403,0
DA:405,0
DA:406,0
DA:407,0
DA:409,0
DA:410,0
DA:412,0
DA:413,0
DA:414,0
DA:416,0
LF:138
LH:59
BRDA:37,0,0,0
BRDA:37,0,1,5
BRDA:50,1,0,0
BRDA:50,1,1,5
BRDA:63,2,0,0
BRDA:63,2,1,5
BRDA:76,3,0,0
BRDA:76,3,1,5
BRDA:85,4,0,0
BRDA:85,4,1,5
BRDA:87,5,0,0
BRDA:87,5,1,0
BRDA:89,6,0,0
BRDA:89,6,1,0
BRDA:89,7,0,0
BRDA:89,7,1,0
BRDA:106,8,0,5
BRDA:106,8,1,0
BRDA:108,9,0,5
BRDA:108,9,1,3
BRDA:110,10,0,5
BRDA:110,10,1,4
BRDA:111,11,0,5
BRDA:111,11,1,0
BRDA:118,12,0,0
BRDA:118,12,1,0
BRDA:155,13,0,0
BRDA:155,13,1,0
BRDA:156,14,0,0
BRDA:156,14,1,0
BRDA:164,15,0,0
BRDA:164,15,1,0
BRDA:165,16,0,0
BRDA:165,16,1,0
BRDA:168,17,0,0
BRDA:168,17,1,0
BRDA:170,18,0,0
BRDA:170,18,1,0
BRDA:173,19,0,0
BRDA:173,19,1,0
BRDA:173,20,0,0
BRDA:173,20,1,0
BRDA:174,21,0,0
BRDA:174,21,1,0
BRDA:174,22,0,0
BRDA:174,22,1,0
BRDA:175,23,0,0
BRDA:175,23,1,0
BRDA:175,24,0,0
BRDA:175,24,1,0
BRDA:176,25,0,0
BRDA:176,25,1,0
BRDA:176,26,0,0
BRDA:176,26,1,0
BRDA:180,27,0,0
BRDA:180,27,1,0
BRDA:186,28,0,0
BRDA:186,28,1,0
BRDA:197,29,0,0
BRDA:197,29,1,4
BRDA:197,30,0,4
BRDA:197,30,1,4
BRDA:209,31,0,0
BRDA:209,31,1,4
BRDA:219,32,0,0
BRDA:219,32,1,4
BRDA:227,33,0,0
BRDA:227,33,1,4
BRDA:275,34,0,0
BRDA:275,34,1,0
BRDA:287,35,0,0
BRDA:287,35,1,2
BRDA:319,36,0,0
BRDA:319,36,1,0
BRDA:333,37,0,2
BRDA:333,37,1,0
BRDA:335,38,0,0
BRDA:335,38,1,2
BRDA:340,39,0,0
BRDA:340,39,1,2
BRDA:342,40,0,0
BRDA:342,40,1,0
BRDA:349,41,0,0
BRDA:349,41,1,0
BRDA:355,42,0,0
BRDA:355,42,1,2
BRDA:360,43,0,2
BRDA:360,43,1,0
BRDA:361,44,0,0
BRDA:361,44,1,2
BRDA:362,45,0,0
BRDA:362,45,1,2
BRDA:374,46,0,0
BRDA:374,46,1,0
BRDA:375,47,0,0
BRDA:375,47,1,0
BRDA:378,48,0,0
BRDA:378,48,1,0
BRDA:383,49,0,0
BRDA:383,49,1,0
BRDA:384,50,0,0
BRDA:384,50,1,0
BRDA:393,51,0,0
BRDA:393,51,1,0
BRDA:394,52,0,0
BRDA:394,52,1,0
BRDA:394,53,0,0
BRDA:394,53,1,0
BRDA:397,54,0,0
BRDA:397,54,1,0
BRDA:399,55,0,0
BRDA:399,55,1,0
BRDA:400,56,0,0
BRDA:400,56,1,0
BRDA:400,57,0,0
BRDA:400,57,1,0
BRDA:402,58,0,0
BRDA:402,58,1,0
BRDA:405,59,0,0
BRDA:405,59,1,0
BRDA:409,60,0,0
BRDA:409,60,1,0
BRF:122
BRH:25
end_of_record
TN:
SF:src\controllers\orderController.js
FN:6,(anonymous_0)
FN:52,(anonymous_1)
FN:133,(anonymous_2)
FN:142,(anonymous_3)
FN:157,(anonymous_4)
FN:242,(anonymous_5)
FN:253,(anonymous_6)
FN:257,(anonymous_7)
FN:258,(anonymous_8)
FN:268,(anonymous_9)
FN:270,(anonymous_10)
FN:276,(anonymous_11)
FN:277,(anonymous_12)
FN:279,(anonymous_13)
FN:287,(anonymous_14)
FN:291,(anonymous_15)
FN:293,(anonymous_16)
FN:297,(anonymous_17)
FN:321,(anonymous_18)
FN:321,(anonymous_19)
FN:334,(anonymous_20)
FN:337,(anonymous_21)
FN:337,(anonymous_22)
FN:348,(anonymous_23)
FN:348,(anonymous_24)
FN:355,(anonymous_25)
FN:400,(anonymous_26)
FN:405,(anonymous_27)
FN:444,(anonymous_28)
FN:482,(anonymous_29)
FN:536,(anonymous_30)
FN:583,(anonymous_31)
FNF:32
FNH:27
FNDA:16,(anonymous_0)
FNDA:147,(anonymous_1)
FNDA:147,(anonymous_2)
FNDA:147,(anonymous_3)
FNDA:147,(anonymous_4)
FNDA:16,(anonymous_5)
FNDA:676,(anonymous_6)
FNDA:128,(anonymous_7)
FNDA:256,(anonymous_8)
FNDA:16,(anonymous_9)
FNDA:10240,(anonymous_10)
FNDA:2048,(anonymous_11)
FNDA:4096,(anonymous_12)
FNDA:8192,(anonymous_13)
FNDA:16,(anonymous_14)
FNDA:147,(anonymous_15)
FNDA:40,(anonymous_16)
FNDA:24,(anonymous_17)
FNDA:5250,(anonymous_18)
FNDA:4638,(anonymous_19)
FNDA:1536,(anonymous_20)
FNDA:700,(anonymous_21)
FNDA:172,(anonymous_22)
FNDA:0,(anonymous_23)
FNDA:0,(anonymous_24)
FNDA:5,(anonymous_25)
FNDA:1,(anonymous_26)
FNDA:1,(anonymous_27)
FNDA:0,(anonymous_28)
FNDA:0,(anonymous_29)
FNDA:0,(anonymous_30)
FNDA:3,(anonymous_31)
DA:1,7
DA:2,7
DA:3,7
DA:6,7
DA:7,16
DA:9,16
DA:16,16
DA:19,16
DA:20,0
DA:27,16
DA:28,16
DA:29,0
DA:36,16
DA:40,16
DA:41,0
DA:48,16
DA:51,16
DA:52,16
DA:53,147
DA:57,16
DA:58,16
DA:67,16
DA:68,0
DA:69,0
DA:75,16
DA:76,0
DA:77,0
DA:84,16
DA:87,16
DA:88,0
DA:89,0
DA:96,16
DA:100,16
DA:108,16
DA:111,16
DA:128,16
DA:129,16
DA:132,16
DA:133,16
DA:134,147
DA:135,147
DA:136,147
DA:139,16
DA:141,16
DA:142,16
DA:143,147
DA:145,147
DA:148,16
DA:157,16
DA:158,147
DA:163,16
DA:164,147
DA:165,147
DA:166,147
DA:167,0
DA:168,0
DA:171,147
DA:173,147
DA:185,147
DA:188,16
DA:191,16
DA:198,16
DA:210,0
DA:211,0
DA:214,0
DA:217,0
DA:218,0
DA:225,0
DA:226,0
DA:233,0
DA:242,7
DA:244,16
DA:253,676
DA:256,16
DA:257,128
DA:258,256
DA:259,16
DA:260,16
DA:261,128
DA:262,2048
DA:263,10240
DA:268,16
DA:269,16
DA:270,16
DA:271,10240
DA:272,10240
DA:273,10240
DA:274,10240
DA:276,16
DA:277,4096
DA:279,8192
DA:280,2048
DA:284,16
DA:285,16
DA:287,16
DA:288,16
DA:289,16
DA:291,16
DA:292,147
DA:293,40
DA:294,10
DA:297,16
DA:298,24
DA:299,336
DA:300,336
DA:301,141
DA:305,16
DA:306,16
DA:308,16
DA:309,188
DA:311,16
DA:314,16
DA:315,16
DA:316,16
DA:317,16
DA:320,16
DA:321,5250
DA:322,1050
DA:323,8
DA:324,8
DA:326,19
DA:327,8
DA:333,8
DA:334,1536
DA:335,12
DA:336,12
DA:337,700
DA:338,140
DA:339,140
DA:341,12
DA:342,8
DA:343,128
DA:348,0
DA:349,0
DA:350,0
DA:351,0
DA:355,7
DA:356,5
DA:357,5
DA:358,5
DA:360,5
DA:361,5
DA:362,4
DA:365,5
DA:376,5
DA:377,5
DA:378,5
DA:379,5
DA:380,5
DA:381,3
DA:382,3
DA:383,3
DA:384,3
DA:385,3
DA:386,3
DA:387,3
DA:389,3
DA:390,1
DA:394,5
DA:395,1
DA:396,1
DA:397,1
DA:398,1
DA:399,1
DA:400,1
DA:401,1
DA:402,1
DA:404,1
DA:405,1
DA:406,1
DA:407,1
DA:408,1
DA:413,1
DA:418,5
DA:420,5
DA:434,0
DA:435,0
DA:444,7
DA:445,0
DA:446,0
DA:448,0
DA:459,0
DA:460,0
DA:466,0
DA:472,0
DA:473,0
DA:482,7
DA:483,0
DA:485,0
DA:486,0
DA:489,0
DA:496,0
DA:510,0
DA:517,0
DA:518,0
DA:519,0
DA:525,0
DA:526,0
DA:527,0
DA:534,0
DA:535,0
DA:536,0
DA:537,0
DA:538,0
DA:541,0
DA:542,0
DA:551,0
DA:552,0
DA:560,0
DA:564,0
DA:566,0
DA:572,0
DA:573,0
DA:574,0
DA:583,7
DA:584,3
DA:586,3
DA:587,3
DA:588,3
DA:591,3
DA:599,3
DA:600,0
DA:601,0
DA:608,3
DA:609,0
DA:610,0
DA:617,3
DA:618,3
DA:619,3
DA:621,3
DA:623,3
DA:625,3
DA:635,0
DA:636,0
DA:637,0
DA:645,7
LF:236
LH:169
BRDA:15,0,0,0
BRDA:19,1,0,0
BRDA:19,1,1,16
BRDA:19,2,0,16
BRDA:19,2,1,16
BRDA:19,2,2,16
BRDA:19,2,3,16
BRDA:28,3,0,0
BRDA:28,3,1,16
BRDA:40,4,0,0
BRDA:40,4,1,16
BRDA:53,5,0,147
BRDA:53,5,1,16
BRDA:67,6,0,0
BRDA:67,6,1,16
BRDA:75,7,0,0
BRDA:75,7,1,16
BRDA:87,8,0,0
BRDA:87,8,1,16
BRDA:115,9,0,16
BRDA:115,9,1,16
BRDA:116,10,0,16
BRDA:116,10,1,16
BRDA:134,11,0,147
BRDA:134,11,1,16
BRDA:145,12,0,0
BRDA:145,12,1,147
BRDA:166,13,0,0
BRDA:166,13,1,147
BRDA:210,14,0,0
BRDA:210,14,1,0
BRDA:210,15,0,0
BRDA:210,15,1,0
BRDA:217,16,0,0
BRDA:217,16,1,0
BRDA:221,17,0,0
BRDA:221,17,1,0
BRDA:225,18,0,0
BRDA:225,18,1,0
BRDA:229,19,0,0
BRDA:229,19,1,0
BRDA:236,20,0,0
BRDA:236,20,1,0
BRDA:242,21,0,0
BRDA:272,22,0,10240
BRDA:272,22,1,2048
BRDA:292,23,0,137
BRDA:292,23,1,10
BRDA:293,24,0,40
BRDA:293,24,1,10
BRDA:294,25,0,6
BRDA:294,25,1,4
BRDA:300,26,0,141
BRDA:300,26,1,195
BRDA:300,27,0,336
BRDA:300,27,1,171
BRDA:300,27,2,171
BRDA:305,28,0,15
BRDA:305,28,1,1
BRDA:306,29,0,9
BRDA:306,29,1,7
BRDA:309,30,0,0
BRDA:309,30,1,188
BRDA:309,31,0,188
BRDA:309,31,1,41
BRDA:311,32,0,16
BRDA:311,32,1,0
BRDA:322,33,0,8
BRDA:322,33,1,1042
BRDA:324,34,0,8
BRDA:324,34,1,0
BRDA:339,35,0,8
BRDA:339,35,1,132
BRDA:341,36,0,8
BRDA:341,36,1,4
BRDA:343,37,0,8
BRDA:343,37,1,0
BRDA:349,38,0,0
BRDA:349,38,1,0
BRDA:357,39,0,5
BRDA:357,40,0,5
BRDA:361,41,0,4
BRDA:361,41,1,1
BRDA:378,42,0,5
BRDA:378,42,1,3
BRDA:380,43,0,3
BRDA:380,43,1,2
BRDA:380,44,0,5
BRDA:380,44,1,3
BRDA:383,45,0,3
BRDA:383,45,1,0
BRDA:385,46,0,3
BRDA:385,46,1,0
BRDA:386,47,0,3
BRDA:386,47,1,0
BRDA:389,48,0,1
BRDA:389,48,1,2
BRDA:394,49,0,1
BRDA:394,49,1,4
BRDA:394,50,0,5
BRDA:394,50,1,1
BRDA:397,51,0,1
BRDA:397,51,1,0
BRDA:399,52,0,1
BRDA:399,52,1,0
BRDA:399,53,0,1
BRDA:399,53,1,1
BRDA:402,54,0,1
BRDA:402,54,1,1
BRDA:407,55,0,1
BRDA:407,55,1,0
BRDA:418,56,0,2
BRDA:418,56,1,3
BRDA:438,57,0,0
BRDA:438,57,1,0
BRDA:459,58,0,0
BRDA:459,58,1,0
BRDA:476,59,0,0
BRDA:476,59,1,0
BRDA:510,60,0,0
BRDA:510,60,1,0
BRDA:517,61,0,0
BRDA:517,61,1,0
BRDA:525,62,0,0
BRDA:525,62,1,0
BRDA:525,63,0,0
BRDA:525,63,1,0
BRDA:535,64,0,0
BRDA:535,64,1,0
BRDA:535,65,0,0
BRDA:535,65,1,0
BRDA:538,66,0,0
BRDA:538,66,1,0
BRDA:551,67,0,0
BRDA:551,67,1,0
BRDA:577,68,0,0
BRDA:577,68,1,0
BRDA:599,69,0,0
BRDA:599,69,1,3
BRDA:608,70,0,0
BRDA:608,70,1,3
BRDA:608,71,0,3
BRDA:608,71,1,3
BRDA:618,72,0,3
BRDA:618,72,1,0
BRDA:619,73,0,3
BRDA:619,73,1,0
BRDA:640,74,0,0
BRDA:640,74,1,0
BRF:149
BRH:83
end_of_record
TN:
SF:src\controllers\passengerController.js
FN:5,(anonymous_0)
FN:19,(anonymous_1)
FN:39,(anonymous_2)
FN:102,(anonymous_3)
FN:183,(anonymous_4)
FN:229,(anonymous_5)
FNF:6
FNH:5
FNDA:6,(anonymous_0)
FNDA:11,(anonymous_1)
FNDA:2,(anonymous_2)
FNDA:0,(anonymous_3)
FNDA:1,(anonymous_4)
FNDA:5,(anonymous_5)
DA:1,7
DA:2,7
DA:5,7
DA:6,6
DA:7,6
DA:9,6
DA:17,6
DA:19,11
DA:30,0
DA:31,0
DA:39,7
DA:40,2
DA:41,2
DA:42,2
DA:45,2
DA:46,2
DA:47,0
DA:54,2
DA:62,2
DA:63,0
DA:70,2
DA:79,2
DA:93,0
DA:94,0
DA:102,7
DA:103,0
DA:104,0
DA:105,0
DA:106,0
DA:109,0
DA:110,0
DA:111,0
DA:118,0
DA:126,0
DA:127,0
DA:134,0
DA:135,0
DA:144,0
DA:145,0
DA:153,0
DA:160,0
DA:174,0
DA:175,0
DA:183,7
DA:184,1
DA:185,1
DA:186,1
DA:189,1
DA:197,1
DA:198,0
DA:205,1
DA:206,0
DA:213,1
DA:215,1
DA:220,0
DA:221,0
DA:229,7
DA:230,5
DA:231,5
DA:241,0
DA:242,0
DA:246,7
LF:62
LH:32
BRDA:46,0,0,0
BRDA:46,0,1,2
BRDA:62,1,0,0
BRDA:62,1,1,2
BRDA:110,2,0,0
BRDA:110,2,1,0
BRDA:126,3,0,0
BRDA:126,3,1,0
BRDA:134,4,0,0
BRDA:134,4,1,0
BRDA:144,5,0,0
BRDA:144,5,1,0
BRDA:197,6,0,0
BRDA:197,6,1,1
BRDA:205,7,0,0
BRDA:205,7,1,1
BRDA:234,8,0,5
BRDA:234,8,1,0
BRDA:237,9,0,4
BRDA:237,9,1,1
BRF:20
BRH:7
end_of_record
TN:
SF:src\controllers\trainController.js
FN:5,(anonymous_0)
FN:74,(anonymous_1)
FN:80,(anonymous_2)
FN:121,(anonymous_3)
FN:153,(anonymous_4)
FN:183,(anonymous_5)
FN:213,(anonymous_6)
FN:238,(anonymous_7)
FNF:8
FNH:3
FNDA:2,(anonymous_0)
FNDA:6,(anonymous_1)
FNDA:14,(anonymous_2)
FNDA:0,(anonymous_3)
FNDA:0,(anonymous_4)
FNDA:0,(anonymous_5)
FNDA:0,(anonymous_6)
FNDA:0,(anonymous_7)
DA:1,7
DA:2,7
DA:5,7
DA:6,2
DA:16,2
DA:19,2
DA:20,0
DA:27,2
DA:31,2
DA:35,2
DA:36,0
DA:42,2
DA:43,2
DA:54,2
DA:55,0
DA:58,2
DA:74,2
DA:75,6
DA:78,6
DA:79,6
DA:80,6
DA:81,14
DA:90,6
DA:97,2
DA:111,0
DA:112,0
DA:121,7
DA:122,0
DA:123,0
DA:124,0
DA:126,0
DA:127,0
DA:133,0
DA:143,0
DA:144,0
DA:151,0
DA:152,0
DA:153,0
DA:154,0
DA:163,0
DA:164,0
DA:165,0
DA:167,0
DA:173,0
DA:174,0
DA:182,7
DA:183,7
DA:184,0
DA:185,0
DA:186,0
DA:187,0
DA:188,0
DA:190,0
DA:200,0
DA:201,0
DA:203,0
DA:204,0
DA:213,7
DA:214,0
DA:215,0
DA:218,0
DA:236,0
DA:237,0
DA:238,0
DA:239,0
DA:245,0
DA:251,0
DA:252,0
DA:260,7
LF:69
LH:26
BRDA:14,0,0,2
BRDA:15,1,0,2
BRDA:19,2,0,0
BRDA:19,2,1,2
BRDA:27,3,0,0
BRDA:27,3,1,2
BRDA:28,4,0,0
BRDA:28,4,1,0
BRDA:29,5,0,2
BRDA:29,5,1,0
BRDA:31,6,0,0
BRDA:31,6,1,2
BRDA:32,7,0,0
BRDA:32,7,1,0
BRDA:33,8,0,2
BRDA:33,8,1,0
BRDA:35,9,0,0
BRDA:35,9,1,2
BRDA:35,10,0,2
BRDA:35,10,1,2
BRDA:54,11,0,0
BRDA:54,11,1,2
BRDA:79,12,0,6
BRDA:79,12,1,0
BRDA:115,13,0,0
BRDA:115,13,1,0
BRDA:126,14,0,0
BRDA:126,14,1,0
BRDA:143,15,0,0
BRDA:143,15,1,0
BRDA:152,16,0,0
BRDA:152,16,1,0
BRDA:177,17,0,0
BRDA:177,17,1,0
BRDA:185,18,0,0
BRDA:185,18,1,0
BRDA:187,19,0,0
BRDA:187,19,1,0
BRDA:187,20,0,0
BRDA:187,20,1,0
BRDA:207,21,0,0
BRDA:207,21,1,0
BRDA:236,22,0,0
BRDA:236,22,1,0
BRDA:239,23,0,0
BRDA:239,23,1,0
BRDA:239,23,2,0
BRDA:255,24,0,0
BRDA:255,24,1,0
BRF:49
BRH:12
end_of_record
TN:
SF:src\models\Order.js
FNF:0
FNH:0
DA:1,7
DA:2,7
DA:4,7
DA:122,7
LF:4
LH:4
BRF:0
BRH:0
end_of_record
TN:
SF:src\models\OrderPassenger.js
FNF:0
FNH:0
DA:1,7
DA:2,7
DA:4,7
DA:91,7
LF:4
LH:4
BRF:0
BRH:0
end_of_record
TN:
SF:src\models\Passenger.js
FNF:0
FNH:0
DA:1,7
DA:2,7
DA:4,7
DA:95,7
LF:4
LH:4
BRF:0
BRH:0
end_of_record
TN:
SF:src\models\Train.js
FNF:0
FNH:0
DA:1,7
DA:2,7
DA:4,7
DA:82,7
LF:4
LH:4
BRF:0
BRH:0
end_of_record
TN:
SF:src\models\TrainSeat.js
FNF:0
FNH:0
DA:1,7
DA:2,7
DA:4,7
DA:71,7
LF:4
LH:4
BRF:0
BRH:0
end_of_record
TN:
SF:src\models\User.js
FNF:0
FNH:0
DA:1,7
DA:2,7
DA:4,7
DA:118,7
LF:4
LH:4
BRF:0
BRH:0
end_of_record
TN:
SF:src\models\index.js
FN:67,(anonymous_0)
FN:78,(anonymous_1)
FNF:2
FNH:2
FNDA:7,(anonymous_0)
FNDA:7,(anonymous_1)
DA:1,7
DA:2,7
DA:3,7
DA:4,7
DA:5,7
DA:6,7
DA:7,7
DA:11,7
DA:16,7
DA:22,7
DA:28,7
DA:35,7
DA:40,7
DA:46,7
DA:51,7
DA:56,7
DA:67,7
DA:68,7
DA:69,7
DA:70,7
DA:72,0
DA:73,0
DA:78,7
DA:79,7
DA:80,7
DA:81,7
DA:83,0
DA:84,0
DA:88,7
LF:29
LH:25
BRDA:78,0,0,0
BRF:1
BRH:0
end_of_record
TN:
SF:src\routes\auth.js
FN:23,(anonymous_0)
FNF:1
FNH:0
FNDA:0,(anonymous_0)
DA:1,7
DA:2,7
DA:3,7
DA:5,7
DA:8,7
DA:11,7
DA:14,7
DA:17,7
DA:19,7
DA:20,7
DA:23,7
DA:24,0
DA:30,7
LF:13
LH:12
BRF:0
BRH:0
end_of_record
TN:
SF:src\routes\order.js
FNF:0
FNH:0
DA:1,7
DA:8,7
DA:9,7
DA:11,7
DA:14,7
DA:17,7
DA:20,7
DA:23,7
DA:26,7
DA:29,7
DA:31,7
LF:11
LH:11
BRF:0
BRH:0
end_of_record
TN:
SF:src\routes\passenger.js
FNF:0
FNH:0
DA:1,7
DA:2,7
DA:3,7
DA:9,7
DA:12,7
DA:15,7
DA:18,7
DA:21,7
DA:23,7
LF:9
LH:9
BRF:0
BRH:0
end_of_record
TN:
SF:src\routes\train.js
FNF:0
FNH:0
DA:1,7
DA:7,7
DA:8,7
DA:10,7
DA:13,7
DA:16,7
DA:19,7
DA:22,7
DA:24,7
LF:9
LH:9
BRF:0
BRH:0
end_of_record
TN:
SF:src\scripts\seedData.js
FN:4,(anonymous_0)
FN:294,(anonymous_1)
FN:375,(anonymous_2)
FN:389,(anonymous_3)
FNF:4
FNH:3
FNDA:2,(anonymous_0)
FNDA:2,(anonymous_1)
FNDA:2,(anonymous_2)
FNDA:0,(anonymous_3)
DA:1,7
DA:4,7
DA:5,2
DA:6,2
DA:9,2
DA:280,2
DA:281,48
DA:287,2
DA:289,0
DA:294,7
DA:295,2
DA:296,2
DA:298,2
DA:299,2
DA:302,2
DA:303,60
DA:304,60
DA:305,60
DA:307,60
DA:309,1440
DA:311,1440
DA:312,1080
DA:317,360
DA:318,300
DA:322,60
DA:323,60
DA:331,1440
DA:332,4020
DA:348,2
DA:349,2
DA:354,2
DA:355,2
DA:356,4
DA:357,96
DA:358,40
DA:359,40
DA:360,108
DA:368,2
DA:370,0
DA:375,7
DA:376,2
DA:377,2
DA:378,2
DA:379,2
DA:381,0
DA:386,7
DA:387,0
DA:389,0
DA:390,0
DA:391,0
DA:392,0
DA:393,0
DA:394,0
DA:396,0
DA:397,0
DA:402,7
LF:56
LH:44
BRDA:311,0,0,1080
BRDA:311,0,1,360
BRDA:317,1,0,300
BRDA:317,1,1,60
BRDA:322,2,0,60
BRDA:322,2,1,0
BRDA:357,3,0,56
BRDA:357,3,1,40
BRDA:358,4,0,40
BRDA:358,4,1,0
BRDA:386,5,0,0
BRDA:386,5,1,7
BRF:12
BRH:9
end_of_record
TN:
SF:src\utils\auth.js
FN:5,(anonymous_0)
FN:15,(anonymous_1)
FN:24,(anonymous_2)
FN:40,(anonymous_3)
FN:55,(anonymous_4)
FN:89,(anonymous_5)
FNF:6
FNH:6
FNDA:6,(anonymous_0)
FNDA:6,(anonymous_1)
FNDA:12,(anonymous_2)
FNDA:41,(anonymous_3)
FNDA:39,(anonymous_4)
FNDA:2,(anonymous_5)
DA:1,7
DA:2,7
DA:5,7
DA:6,6
DA:7,6
DA:8,6
DA:10,0
DA:15,7
DA:16,6
DA:17,6
DA:19,0
DA:24,7
DA:25,12
DA:26,12
DA:35,0
DA:40,7
DA:41,41
DA:42,41
DA:44,3
DA:45,1
DA:46,2
DA:47,2
DA:49,0
DA:55,7
DA:56,39
DA:57,39
DA:59,39
DA:66,39
DA:67,1
DA:68,1
DA:74,38
DA:75,38
DA:76,37
DA:77,37
DA:78,37
DA:80,1
DA:81,1
DA:89,7
DA:90,2
DA:91,2
DA:93,2
DA:94,0
DA:95,0
DA:96,0
DA:102,2
DA:105,7
LF:46
LH:39
BRDA:28,0,0,12
BRDA:28,0,1,0
BRDA:30,1,0,12
BRDA:30,1,1,0
BRDA:42,2,0,41
BRDA:42,2,1,0
BRDA:44,3,0,1
BRDA:44,3,1,2
BRDA:46,4,0,2
BRDA:46,4,1,0
BRDA:57,5,0,39
BRDA:57,5,1,38
BRDA:62,6,0,38
BRDA:62,6,1,1
BRDA:66,7,0,1
BRDA:66,7,1,38
BRDA:91,8,0,2
BRDA:91,8,1,0
BRDA:93,9,0,0
BRDA:93,9,1,2
BRF:20
BRH:14
end_of_record
TN:
SF:src\utils\orderUtils.js
FN:2,(anonymous_0)
FN:19,(anonymous_1)
FN:20,(anonymous_2)
FN:26,(anonymous_3)
FN:46,(anonymous_4)
FN:58,(anonymous_5)
FN:68,(anonymous_6)
FNF:7
FNH:1
FNDA:16,(anonymous_0)
FNDA:0,(anonymous_1)
FNDA:0,(anonymous_2)
FNDA:0,(anonymous_3)
FNDA:0,(anonymous_4)
FNDA:0,(anonymous_5)
FNDA:0,(anonymous_6)
DA:2,7
DA:4,16
DA:5,16
DA:6,16
DA:7,16
DA:8,16
DA:9,16
DA:10,16
DA:13,16
DA:15,16
DA:19,7
DA:20,0
DA:21,0
DA:26,7
DA:27,0
DA:28,0
DA:31,0
DA:32,0
DA:34,0
DA:35,0
DA:36,0
DA:37,0
DA:38,0
DA:39,0
DA:43,0
DA:44,0
DA:46,0
DA:47,0
DA:48,0
DA:49,0
DA:50,0
DA:55,0
DA:56,0
DA:58,0
DA:59,0
DA:60,0
DA:61,0
DA:62,0
DA:67,0
DA:68,0
DA:69,0
DA:70,0
DA:74,0
DA:81,7
DA:91,7
DA:101,7
DA:112,7
DA:119,7
LF:48
LH:17
BRDA:31,0,0,0
BRDA:31,0,1,0
BRDA:34,1,0,0
BRDA:34,1,1,0
BRDA:35,2,0,0
BRDA:35,2,1,0
BRDA:36,3,0,0
BRDA:36,3,1,0
BRDA:37,4,0,0
BRDA:37,4,1,0
BRDA:38,5,0,0
BRDA:38,5,1,0
BRDA:39,6,0,0
BRDA:39,6,1,0
BRDA:43,7,0,0
BRDA:43,7,1,0
BRDA:43,8,0,0
BRDA:43,8,1,0
BRDA:43,8,2,0
BRDA:47,9,0,0
BRDA:47,9,1,0
BRDA:48,10,0,0
BRDA:48,10,1,0
BRDA:49,11,0,0
BRDA:49,11,1,0
BRDA:50,12,0,0
BRDA:50,12,1,0
BRDA:55,13,0,0
BRDA:55,13,1,0
BRDA:55,14,0,0
BRDA:55,14,1,0
BRDA:55,14,2,0
BRDA:59,15,0,0
BRDA:59,15,1,0
BRDA:60,16,0,0
BRDA:60,16,1,0
BRDA:61,17,0,0
BRDA:61,17,1,0
BRDA:61,18,0,0
BRDA:61,18,1,0
BRDA:62,19,0,0
BRDA:62,19,1,0
BRDA:62,20,0,0
BRDA:62,20,1,0
BRDA:67,21,0,0
BRDA:67,21,1,0
BRDA:67,22,0,0
BRDA:67,22,1,0
BRDA:69,23,0,0
BRDA:69,23,1,0
BRF:50
BRH:0
end_of_record
TN:
SF:src\utils\validation.js
FN:2,(anonymous_0)
FN:19,(anonymous_1)
FN:32,(anonymous_2)
FN:50,(anonymous_3)
FN:80,(anonymous_4)
FN:94,(anonymous_5)
FN:112,(anonymous_6)
FN:159,(anonymous_7)
FNF:8
FNH:8
FNDA:5,(anonymous_0)
FNDA:4,(anonymous_1)
FNDA:6,(anonymous_2)
FNDA:6,(anonymous_3)
FNDA:7,(anonymous_4)
FNDA:6,(anonymous_5)
FNDA:7,(anonymous_6)
FNDA:4,(anonymous_7)
DA:2,8
DA:3,5
DA:4,0
DA:7,5
DA:8,1
DA:11,4
DA:12,1
DA:15,3
DA:19,8
DA:20,4
DA:21,0
DA:24,4
DA:25,1
DA:28,3
DA:32,8
DA:33,6
DA:34,0
DA:37,6
DA:38,0
DA:42,6
DA:43,1
DA:46,5
DA:50,8
DA:51,6
DA:52,0
DA:56,6
DA:57,6
DA:58,1
DA:62,5
DA:63,5
DA:65,5
DA:66,5
DA:67,85
DA:70,5
DA:71,5
DA:72,1
DA:76,4
DA:80,8
DA:81,7
DA:82,0
DA:84,7
DA:85,7
DA:86,7
DA:87,7
DA:88,1
DA:90,6
DA:94,8
DA:95,6
DA:96,0
DA:99,6
DA:100,0
DA:103,6
DA:104,6
DA:105,1
DA:108,5
DA:112,8
DA:113,7
DA:114,5
DA:116,2
DA:118,2
DA:119,2
DA:120,0
DA:123,2
DA:124,2
DA:125,0
DA:128,2
DA:129,1
DA:132,2
DA:133,2
DA:134,0
DA:137,2
DA:138,2
DA:139,0
DA:142,2
DA:143,2
DA:144,0
DA:147,2
DA:148,2
DA:149,0
DA:152,2
DA:159,8
DA:161,4
DA:162,2
DA:165,2
DA:167,2
DA:168,2
DA:169,0
DA:172,2
DA:173,2
DA:174,1
DA:177,2
DA:178,2
DA:179,0
DA:182,2
DA:183,0
DA:186,2
DA:192,8
LF:97
LH:80
BRDA:3,0,0,0
BRDA:3,0,1,5
BRDA:3,1,0,5
BRDA:3,1,1,5
BRDA:7,2,0,1
BRDA:7,2,1,4
BRDA:7,3,0,5
BRDA:7,3,1,4
BRDA:11,4,0,1
BRDA:11,4,1,3
BRDA:20,5,0,0
BRDA:20,5,1,4
BRDA:20,6,0,4
BRDA:20,6,1,4
BRDA:24,7,0,1
BRDA:24,7,1,3
BRDA:33,8,0,0
BRDA:33,8,1,6
BRDA:33,9,0,6
BRDA:33,9,1,6
BRDA:37,10,0,0
BRDA:37,10,1,6
BRDA:37,11,0,6
BRDA:37,11,1,6
BRDA:42,12,0,1
BRDA:42,12,1,5
BRDA:50,13,0,2
BRDA:51,14,0,0
BRDA:51,14,1,6
BRDA:51,15,0,6
BRDA:51,15,1,6
BRDA:56,16,0,6
BRDA:56,16,1,0
BRDA:57,17,0,1
BRDA:57,17,1,5
BRDA:71,18,0,1
BRDA:71,18,1,4
BRDA:81,19,0,0
BRDA:81,19,1,7
BRDA:81,20,0,7
BRDA:81,20,1,7
BRDA:87,21,0,1
BRDA:87,21,1,6
BRDA:87,22,0,7
BRDA:87,22,1,1
BRDA:95,23,0,0
BRDA:95,23,1,6
BRDA:99,24,0,0
BRDA:99,24,1,6
BRDA:104,25,0,1
BRDA:104,25,1,5
BRDA:113,26,0,5
BRDA:113,26,1,2
BRDA:113,27,0,7
BRDA:113,27,1,7
BRDA:119,28,0,0
BRDA:119,28,1,2
BRDA:124,29,0,0
BRDA:124,29,1,2
BRDA:128,30,0,1
BRDA:128,30,1,1
BRDA:133,31,0,0
BRDA:133,31,1,2
BRDA:138,32,0,0
BRDA:138,32,1,2
BRDA:143,33,0,0
BRDA:143,33,1,2
BRDA:148,34,0,0
BRDA:148,34,1,2
BRDA:161,35,0,2
BRDA:161,35,1,2
BRDA:161,36,0,4
BRDA:161,36,1,4
BRDA:168,37,0,0
BRDA:168,37,1,2
BRDA:173,38,0,1
BRDA:173,38,1,1
BRDA:178,39,0,0
BRDA:178,39,1,2
BRDA:182,40,0,0
BRDA:182,40,1,2
BRDA:182,41,0,2
BRDA:182,41,1,2
BRF:83
BRH:65
end_of_record
